[2025-05-23 09:14:28Z INFO HostContext] No proxy settings were found based on environmental variables (http_proxy/https_proxy/HTTP_PROXY/HTTPS_PROXY)
[2025-05-23 09:14:28Z INFO HostContext] Well known directory 'Bin': 'D:\Sandra\MERN\2024\backend\actions-runner\bin'
[2025-05-23 09:14:28Z INFO HostContext] Well known directory 'Root': 'D:\Sandra\MERN\2024\backend\actions-runner'
[2025-05-23 09:14:28Z INFO HostContext] Well known config file 'Credentials': 'D:\Sandra\MERN\2024\backend\actions-runner\.credentials'
[2025-05-23 09:14:28Z INFO HostContext] Well known directory 'Bin': 'D:\Sandra\MERN\2024\backend\actions-runner\bin'
[2025-05-23 09:14:28Z INFO HostContext] Well known directory 'Root': 'D:\Sandra\MERN\2024\backend\actions-runner'
[2025-05-23 09:14:28Z INFO HostContext] Well known config file 'Runner': 'D:\Sandra\MERN\2024\backend\actions-runner\.runner'
[2025-05-23 09:14:28Z INFO Listener] Runner is built for Windows (X64) - win-x64.
[2025-05-23 09:14:28Z INFO Listener] RuntimeInformation: Microsoft Windows 10.0.19045.
[2025-05-23 09:14:28Z INFO Listener] Version: 2.324.0
[2025-05-23 09:14:28Z INFO Listener] Commit: da3412efd49b1cf1a0fbdcbcee4e4ac4cc2177c8
[2025-05-23 09:14:28Z INFO Listener] Culture: fr-FR
[2025-05-23 09:14:28Z INFO Listener] UI Culture: fr-FR
[2025-05-23 09:14:28Z INFO HostContext] Well known directory 'Bin': 'D:\Sandra\MERN\2024\backend\actions-runner\bin'
[2025-05-23 09:14:28Z INFO HostContext] Well known directory 'Root': 'D:\Sandra\MERN\2024\backend\actions-runner'
[2025-05-23 09:14:28Z INFO Listener] Validating directory permissions for: 'D:\Sandra\MERN\2024\backend\actions-runner'
[2025-05-23 09:14:28Z INFO CommandLineParser] Parse
[2025-05-23 09:14:28Z INFO CommandLineParser] Parsing 1 args
[2025-05-23 09:14:28Z INFO CommandLineParser] parsing argument
[2025-05-23 09:14:28Z INFO CommandLineParser] HasArgs: False
[2025-05-23 09:14:28Z INFO CommandLineParser] Adding Command: remove
[2025-05-23 09:14:28Z INFO Listener] Arguments parsed
[2025-05-23 09:14:28Z INFO Runner] ExecuteCommand
[2025-05-23 09:14:28Z INFO ConfigurationStore] currentAssemblyLocation: D:\Sandra\MERN\2024\backend\actions-runner\bin\Runner.Listener.dll
[2025-05-23 09:14:28Z INFO HostContext] Well known directory 'Bin': 'D:\Sandra\MERN\2024\backend\actions-runner\bin'
[2025-05-23 09:14:28Z INFO ConfigurationStore] binPath: D:\Sandra\MERN\2024\backend\actions-runner\bin
[2025-05-23 09:14:28Z INFO HostContext] Well known directory 'Bin': 'D:\Sandra\MERN\2024\backend\actions-runner\bin'
[2025-05-23 09:14:28Z INFO HostContext] Well known directory 'Root': 'D:\Sandra\MERN\2024\backend\actions-runner'
[2025-05-23 09:14:28Z INFO ConfigurationStore] RootFolder: D:\Sandra\MERN\2024\backend\actions-runner
[2025-05-23 09:14:28Z INFO HostContext] Well known directory 'Bin': 'D:\Sandra\MERN\2024\backend\actions-runner\bin'
[2025-05-23 09:14:28Z INFO HostContext] Well known directory 'Root': 'D:\Sandra\MERN\2024\backend\actions-runner'
[2025-05-23 09:14:28Z INFO HostContext] Well known config file 'Runner': 'D:\Sandra\MERN\2024\backend\actions-runner\.runner'
[2025-05-23 09:14:28Z INFO ConfigurationStore] ConfigFilePath: D:\Sandra\MERN\2024\backend\actions-runner\.runner
[2025-05-23 09:14:28Z INFO HostContext] Well known directory 'Bin': 'D:\Sandra\MERN\2024\backend\actions-runner\bin'
[2025-05-23 09:14:28Z INFO HostContext] Well known directory 'Root': 'D:\Sandra\MERN\2024\backend\actions-runner'
[2025-05-23 09:14:28Z INFO HostContext] Well known config file 'MigratedRunner': 'D:\Sandra\MERN\2024\backend\actions-runner\.runner_migrated'
[2025-05-23 09:14:28Z INFO ConfigurationStore] MigratedConfigFilePath: D:\Sandra\MERN\2024\backend\actions-runner\.runner_migrated
[2025-05-23 09:14:28Z INFO HostContext] Well known directory 'Bin': 'D:\Sandra\MERN\2024\backend\actions-runner\bin'
[2025-05-23 09:14:28Z INFO HostContext] Well known directory 'Root': 'D:\Sandra\MERN\2024\backend\actions-runner'
[2025-05-23 09:14:28Z INFO HostContext] Well known config file 'Credentials': 'D:\Sandra\MERN\2024\backend\actions-runner\.credentials'
[2025-05-23 09:14:28Z INFO ConfigurationStore] CredFilePath: D:\Sandra\MERN\2024\backend\actions-runner\.credentials
[2025-05-23 09:14:28Z INFO HostContext] Well known directory 'Bin': 'D:\Sandra\MERN\2024\backend\actions-runner\bin'
[2025-05-23 09:14:28Z INFO HostContext] Well known directory 'Root': 'D:\Sandra\MERN\2024\backend\actions-runner'
[2025-05-23 09:14:28Z INFO HostContext] Well known config file 'MigratedCredentials': 'D:\Sandra\MERN\2024\backend\actions-runner\.credentials_migrated'
[2025-05-23 09:14:28Z INFO ConfigurationStore] MigratedCredFilePath: D:\Sandra\MERN\2024\backend\actions-runner\.credentials_migrated
[2025-05-23 09:14:28Z INFO HostContext] Well known directory 'Bin': 'D:\Sandra\MERN\2024\backend\actions-runner\bin'
[2025-05-23 09:14:28Z INFO HostContext] Well known directory 'Root': 'D:\Sandra\MERN\2024\backend\actions-runner'
[2025-05-23 09:14:28Z INFO HostContext] Well known config file 'Service': 'D:\Sandra\MERN\2024\backend\actions-runner\.service'
[2025-05-23 09:14:28Z INFO ConfigurationStore] ServiceConfigFilePath: D:\Sandra\MERN\2024\backend\actions-runner\.service
[2025-05-23 09:14:28Z INFO CommandSettings] Flag 'help': 'False'
[2025-05-23 09:14:28Z INFO CommandSettings] Flag 'version': 'False'
[2025-05-23 09:14:28Z INFO CommandSettings] Flag 'commit': 'False'
[2025-05-23 09:14:28Z INFO CommandSettings] Flag 'check': 'False'
[2025-05-23 09:14:28Z INFO CommandSettings] Command 'configure': 'False'
[2025-05-23 09:14:28Z INFO CommandSettings] Command 'remove': 'True'
[2025-05-23 09:14:28Z INFO CommandSettings] Flag 'local': 'False'
[2025-05-23 09:14:28Z INFO ConfigurationStore] IsServiceConfigured()
[2025-05-23 09:14:28Z INFO ConfigurationStore] IsServiceConfigured: False
[2025-05-23 09:14:28Z INFO ConfigurationStore] IsConfigured()
[2025-05-23 09:14:28Z INFO ConfigurationStore] IsConfigured: True
[2025-05-23 09:14:28Z INFO ConfigurationStore] HasCredentials()
[2025-05-23 09:14:28Z INFO ConfigurationStore] stored True
[2025-05-23 09:14:28Z INFO ConfigurationStore] Read setting file: 303 chars
[2025-05-23 09:14:28Z INFO CommandSettings] Arg 'token': ''
[2025-05-23 09:14:28Z INFO CommandSettings] Flag 'unattended': 'False'
[2025-05-23 09:14:28Z INFO PromptManager] ReadValue
[2025-05-23 09:14:28Z INFO Terminal] WRITE: Enter runner remove token: 
[2025-05-23 09:14:28Z INFO Terminal] READ SECRET
[2025-05-23 09:14:42Z INFO Terminal] Read value: '***'
[2025-05-23 09:14:43Z INFO ConfigurationManager] Http response code: OK from 'POST https://api.github.com/actions/runner-registration' (F746:208C8A:15C3965:167E9B6:68303C82)
[2025-05-23 09:14:43Z INFO ConfigurationManager] cred retrieved via GitHub auth
[2025-05-23 09:14:43Z INFO RunnerServer] EstablishVssConnection
[2025-05-23 09:14:43Z INFO RunnerServer] Establish connection with 100 seconds timeout.
[2025-05-23 09:14:43Z INFO GitHubActionsService] Starting operation Location.GetConnectionData
[2025-05-23 09:14:43Z INFO RunnerServer] EstablishVssConnection
[2025-05-23 09:14:43Z INFO RunnerServer] Establish connection with 60 seconds timeout.
[2025-05-23 09:14:43Z INFO GitHubActionsService] Starting operation Location.GetConnectionData
[2025-05-23 09:14:43Z INFO RunnerServer] EstablishVssConnection
[2025-05-23 09:14:43Z INFO RunnerServer] Establish connection with 60 seconds timeout.
[2025-05-23 09:14:43Z INFO GitHubActionsService] Starting operation Location.GetConnectionData
[2025-05-23 09:14:44Z INFO GitHubActionsService] Finished operation Location.GetConnectionData
[2025-05-23 09:14:44Z INFO GitHubActionsService] Finished operation Location.GetConnectionData
[2025-05-23 09:14:44Z INFO GitHubActionsService] Finished operation Location.GetConnectionData
[2025-05-23 09:14:44Z INFO Terminal] WRITE LINE: 
[2025-05-23 09:14:44Z INFO ConfigurationStore] IsConfigured()
[2025-05-23 09:14:44Z INFO ConfigurationStore] IsConfigured: True
[2025-05-23 09:14:44Z INFO ConfigurationStore] HasCredentials()
[2025-05-23 09:14:44Z INFO ConfigurationStore] stored True
[2025-05-23 09:14:44Z INFO HostContext] Well known directory 'Bin': 'D:\Sandra\MERN\2024\backend\actions-runner\bin'
[2025-05-23 09:14:44Z INFO HostContext] Well known directory 'Root': 'D:\Sandra\MERN\2024\backend\actions-runner'
[2025-05-23 09:14:44Z INFO HostContext] Well known config file 'RSACredentials': 'D:\Sandra\MERN\2024\backend\actions-runner\.credentials_rsaparams'
[2025-05-23 09:14:44Z INFO RSAEncryptedFileKeyManager] Deleting RSA key parameters file D:\Sandra\MERN\2024\backend\actions-runner\.credentials_rsaparams
[2025-05-23 09:14:44Z INFO Terminal] WRITE LINE: 
[2025-05-23 09:14:44Z INFO Listener] Runner execution has finished with return code 0
