[2025-05-23 09:19:40Z INFO HostContext] No proxy settings were found based on environmental variables (http_proxy/https_proxy/HTTP_PROXY/HTTPS_PROXY)
[2025-05-23 09:19:40Z INFO HostContext] Well known directory 'Bin': 'D:\Sandra\MERN\2024\backend\actions-runner\bin'
[2025-05-23 09:19:40Z INFO HostContext] Well known directory 'Root': 'D:\Sandra\MERN\2024\backend\actions-runner'
[2025-05-23 09:19:40Z INFO HostContext] Well known config file 'Credentials': 'D:\Sandra\MERN\2024\backend\actions-runner\.credentials'
[2025-05-23 09:19:40Z INFO HostContext] Well known directory 'Bin': 'D:\Sandra\MERN\2024\backend\actions-runner\bin'
[2025-05-23 09:19:40Z INFO HostContext] Well known directory 'Root': 'D:\Sandra\MERN\2024\backend\actions-runner'
[2025-05-23 09:19:40Z INFO HostContext] Well known config file 'Runner': 'D:\Sandra\MERN\2024\backend\actions-runner\.runner'
[2025-05-23 09:19:40Z INFO Listener] Runner is built for Windows (X64) - win-x64.
[2025-05-23 09:19:40Z INFO Listener] RuntimeInformation: Microsoft Windows 10.0.19045.
[2025-05-23 09:19:40Z INFO Listener] Version: 2.324.0
[2025-05-23 09:19:40Z INFO Listener] Commit: da3412efd49b1cf1a0fbdcbcee4e4ac4cc2177c8
[2025-05-23 09:19:40Z INFO Listener] Culture: fr-FR
[2025-05-23 09:19:40Z INFO Listener] UI Culture: fr-FR
[2025-05-23 09:19:40Z INFO HostContext] Well known directory 'Bin': 'D:\Sandra\MERN\2024\backend\actions-runner\bin'
[2025-05-23 09:19:40Z INFO HostContext] Well known directory 'Root': 'D:\Sandra\MERN\2024\backend\actions-runner'
[2025-05-23 09:19:40Z INFO Listener] Validating directory permissions for: 'D:\Sandra\MERN\2024\backend\actions-runner'
[2025-05-23 09:19:40Z INFO CommandLineParser] Parse
[2025-05-23 09:19:40Z INFO CommandLineParser] Parsing 5 args
[2025-05-23 09:19:40Z INFO CommandLineParser] parsing argument
[2025-05-23 09:19:40Z INFO CommandLineParser] HasArgs: False
[2025-05-23 09:19:40Z INFO CommandLineParser] Adding Command: configure
[2025-05-23 09:19:40Z INFO CommandLineParser] parsing argument
[2025-05-23 09:19:40Z INFO CommandLineParser] HasArgs: True
[2025-05-23 09:19:40Z INFO CommandLineParser] arg: url
[2025-05-23 09:19:40Z INFO CommandLineParser] parsing argument
[2025-05-23 09:19:40Z INFO CommandLineParser] HasArgs: True
[2025-05-23 09:19:40Z INFO CommandLineParser] Adding option 'url': 'https://github.com/espace2021/backend2024'
[2025-05-23 09:19:40Z INFO CommandLineParser] parsing argument
[2025-05-23 09:19:40Z INFO CommandLineParser] HasArgs: True
[2025-05-23 09:19:40Z INFO CommandLineParser] arg: token
[2025-05-23 09:19:40Z INFO CommandLineParser] parsing argument
[2025-05-23 09:19:40Z INFO CommandLineParser] HasArgs: True
[2025-05-23 09:19:40Z INFO CommandLineParser] Adding option 'token': '***'
[2025-05-23 09:19:40Z INFO Listener] Arguments parsed
[2025-05-23 09:19:40Z INFO Runner] ExecuteCommand
[2025-05-23 09:19:40Z INFO ConfigurationStore] currentAssemblyLocation: D:\Sandra\MERN\2024\backend\actions-runner\bin\Runner.Listener.dll
[2025-05-23 09:19:40Z INFO HostContext] Well known directory 'Bin': 'D:\Sandra\MERN\2024\backend\actions-runner\bin'
[2025-05-23 09:19:40Z INFO ConfigurationStore] binPath: D:\Sandra\MERN\2024\backend\actions-runner\bin
[2025-05-23 09:19:40Z INFO HostContext] Well known directory 'Bin': 'D:\Sandra\MERN\2024\backend\actions-runner\bin'
[2025-05-23 09:19:40Z INFO HostContext] Well known directory 'Root': 'D:\Sandra\MERN\2024\backend\actions-runner'
[2025-05-23 09:19:40Z INFO ConfigurationStore] RootFolder: D:\Sandra\MERN\2024\backend\actions-runner
[2025-05-23 09:19:40Z INFO HostContext] Well known directory 'Bin': 'D:\Sandra\MERN\2024\backend\actions-runner\bin'
[2025-05-23 09:19:40Z INFO HostContext] Well known directory 'Root': 'D:\Sandra\MERN\2024\backend\actions-runner'
[2025-05-23 09:19:40Z INFO HostContext] Well known config file 'Runner': 'D:\Sandra\MERN\2024\backend\actions-runner\.runner'
[2025-05-23 09:19:40Z INFO ConfigurationStore] ConfigFilePath: D:\Sandra\MERN\2024\backend\actions-runner\.runner
[2025-05-23 09:19:40Z INFO HostContext] Well known directory 'Bin': 'D:\Sandra\MERN\2024\backend\actions-runner\bin'
[2025-05-23 09:19:40Z INFO HostContext] Well known directory 'Root': 'D:\Sandra\MERN\2024\backend\actions-runner'
[2025-05-23 09:19:40Z INFO HostContext] Well known config file 'MigratedRunner': 'D:\Sandra\MERN\2024\backend\actions-runner\.runner_migrated'
[2025-05-23 09:19:40Z INFO ConfigurationStore] MigratedConfigFilePath: D:\Sandra\MERN\2024\backend\actions-runner\.runner_migrated
[2025-05-23 09:19:40Z INFO HostContext] Well known directory 'Bin': 'D:\Sandra\MERN\2024\backend\actions-runner\bin'
[2025-05-23 09:19:40Z INFO HostContext] Well known directory 'Root': 'D:\Sandra\MERN\2024\backend\actions-runner'
[2025-05-23 09:19:40Z INFO HostContext] Well known config file 'Credentials': 'D:\Sandra\MERN\2024\backend\actions-runner\.credentials'
[2025-05-23 09:19:40Z INFO ConfigurationStore] CredFilePath: D:\Sandra\MERN\2024\backend\actions-runner\.credentials
[2025-05-23 09:19:40Z INFO HostContext] Well known directory 'Bin': 'D:\Sandra\MERN\2024\backend\actions-runner\bin'
[2025-05-23 09:19:40Z INFO HostContext] Well known directory 'Root': 'D:\Sandra\MERN\2024\backend\actions-runner'
[2025-05-23 09:19:40Z INFO HostContext] Well known config file 'MigratedCredentials': 'D:\Sandra\MERN\2024\backend\actions-runner\.credentials_migrated'
[2025-05-23 09:19:40Z INFO ConfigurationStore] MigratedCredFilePath: D:\Sandra\MERN\2024\backend\actions-runner\.credentials_migrated
[2025-05-23 09:19:40Z INFO HostContext] Well known directory 'Bin': 'D:\Sandra\MERN\2024\backend\actions-runner\bin'
[2025-05-23 09:19:40Z INFO HostContext] Well known directory 'Root': 'D:\Sandra\MERN\2024\backend\actions-runner'
[2025-05-23 09:19:40Z INFO HostContext] Well known config file 'Service': 'D:\Sandra\MERN\2024\backend\actions-runner\.service'
[2025-05-23 09:19:40Z INFO ConfigurationStore] ServiceConfigFilePath: D:\Sandra\MERN\2024\backend\actions-runner\.service
[2025-05-23 09:19:40Z INFO CommandSettings] Flag 'help': 'False'
[2025-05-23 09:19:40Z INFO CommandSettings] Flag 'version': 'False'
[2025-05-23 09:19:40Z INFO CommandSettings] Flag 'commit': 'False'
[2025-05-23 09:19:40Z INFO CommandSettings] Flag 'check': 'False'
[2025-05-23 09:19:40Z INFO CommandSettings] Command 'configure': 'True'
[2025-05-23 09:19:40Z INFO Terminal] WRITE LINE: 
[2025-05-23 09:19:40Z INFO Terminal] WRITE LINE: --------------------------------------------------------------------------------
[2025-05-23 09:19:40Z INFO Terminal] WRITE LINE: |        ____ _ _   _   _       _          _        _   _                      |
[2025-05-23 09:19:40Z INFO Terminal] WRITE LINE: |       / ___(_) |_| | | |_   _| |__      / \   ___| |_(_) ___  _ __  ___      |
[2025-05-23 09:19:40Z INFO Terminal] WRITE LINE: |      | |  _| | __| |_| | | | | '_ \    / _ \ / __| __| |/ _ \| '_ \/ __|     |
[2025-05-23 09:19:40Z INFO Terminal] WRITE LINE: |      | |_| | | |_|  _  | |_| | |_) |  / ___ \ (__| |_| | (_) | | | \__ \     |
[2025-05-23 09:19:40Z INFO Terminal] WRITE LINE: |       \____|_|\__|_| |_|\__,_|_.__/  /_/   \_\___|\__|_|\___/|_| |_|___/     |
[2025-05-23 09:19:40Z INFO Terminal] WRITE LINE: |                                                                              |
[2025-05-23 09:19:40Z INFO Terminal] WRITE: |                       
[2025-05-23 09:19:40Z INFO Terminal] WRITE: Self-hosted runner registration
[2025-05-23 09:19:40Z INFO Terminal] WRITE LINE:                         |
[2025-05-23 09:19:40Z INFO Terminal] WRITE LINE: |                                                                              |
[2025-05-23 09:19:40Z INFO Terminal] WRITE LINE: --------------------------------------------------------------------------------
[2025-05-23 09:19:40Z INFO ConfigurationManager] ConfigureAsync
[2025-05-23 09:19:40Z INFO CommandSettings] Flag 'generateServiceConfig': 'False'
[2025-05-23 09:19:40Z INFO ConfigurationStore] IsConfigured()
[2025-05-23 09:19:40Z INFO ConfigurationStore] IsConfigured: False
[2025-05-23 09:19:40Z INFO ConfigurationManager] Is configured: False
[2025-05-23 09:19:40Z INFO CommandSettings] Arg 'url': 'https://github.com/espace2021/backend2024'
[2025-05-23 09:19:40Z INFO CommandSettings] Remove url from Arg dictionary.
[2025-05-23 09:19:40Z INFO CommandSettings] Arg 'token': '***'
[2025-05-23 09:19:40Z INFO CommandSettings] Remove token from Arg dictionary.
[2025-05-23 09:19:41Z INFO ConfigurationManager] Http response code: OK from 'POST https://api.github.com/actions/runner-registration' (F80E:A799:2FC87C7:315FFD3:68303DAC)
[2025-05-23 09:19:41Z INFO ConfigurationManager] Using V2 flow: False
[2025-05-23 09:19:41Z INFO ConfigurationManager] cred retrieved via GitHub auth
[2025-05-23 09:19:41Z INFO RunnerServer] EstablishVssConnection
[2025-05-23 09:19:41Z INFO RunnerServer] Establish connection with 100 seconds timeout.
[2025-05-23 09:19:41Z INFO GitHubActionsService] Starting operation Location.GetConnectionData
[2025-05-23 09:19:41Z INFO RunnerServer] EstablishVssConnection
[2025-05-23 09:19:41Z INFO RunnerServer] Establish connection with 60 seconds timeout.
[2025-05-23 09:19:41Z INFO GitHubActionsService] Starting operation Location.GetConnectionData
[2025-05-23 09:19:41Z INFO RunnerServer] EstablishVssConnection
[2025-05-23 09:19:41Z INFO RunnerServer] Establish connection with 60 seconds timeout.
[2025-05-23 09:19:41Z INFO GitHubActionsService] Starting operation Location.GetConnectionData
[2025-05-23 09:19:42Z INFO GitHubActionsService] Finished operation Location.GetConnectionData
[2025-05-23 09:19:42Z INFO GitHubActionsService] Finished operation Location.GetConnectionData
[2025-05-23 09:19:42Z INFO GitHubActionsService] Finished operation Location.GetConnectionData
[2025-05-23 09:19:42Z INFO Terminal] WRITE LINE: 
[2025-05-23 09:19:42Z INFO ConfigurationManager] Test Connection complete.
[2025-05-23 09:19:42Z INFO HostContext] Well known directory 'Bin': 'D:\Sandra\MERN\2024\backend\actions-runner\bin'
[2025-05-23 09:19:42Z INFO HostContext] Well known directory 'Root': 'D:\Sandra\MERN\2024\backend\actions-runner'
[2025-05-23 09:19:42Z INFO HostContext] Well known config file 'RSACredentials': 'D:\Sandra\MERN\2024\backend\actions-runner\.credentials_rsaparams'
[2025-05-23 09:19:42Z INFO RSAEncryptedFileKeyManager] Creating new RSA key using 2048-bit key length
[2025-05-23 09:19:42Z INFO RSAEncryptedFileKeyManager] Successfully saved RSA key parameters to file D:\Sandra\MERN\2024\backend\actions-runner\.credentials_rsaparams
[2025-05-23 09:19:42Z INFO CommandSettings] Arg 'runnergroup': ''
[2025-05-23 09:19:42Z INFO CommandSettings] Flag 'unattended': 'False'
[2025-05-23 09:19:42Z INFO PromptManager] ReadValue
[2025-05-23 09:19:42Z INFO Terminal] WRITE: Enter the name of the runner group to add this runner to: 
[2025-05-23 09:19:42Z INFO Terminal] WRITE: [press Enter for Default] 
[2025-05-23 09:19:42Z INFO Terminal] READ LINE
[2025-05-23 09:20:32Z INFO Terminal] Read value: ''
[2025-05-23 09:20:32Z INFO PromptManager] Falling back to the default: 'Default'
[2025-05-23 09:20:32Z INFO Terminal] WRITE LINE: 
[2025-05-23 09:20:32Z INFO ConfigurationManager] Found a self-hosted runner group with id 1 and name Default
[2025-05-23 09:20:32Z INFO CommandSettings] Flag 'disableupdate': 'False'
[2025-05-23 09:20:32Z INFO CommandSettings] Flag 'ephemeral': 'False'
[2025-05-23 09:20:32Z INFO CommandSettings] Arg 'name': ''
[2025-05-23 09:20:32Z INFO CommandSettings] Flag 'unattended': 'False'
[2025-05-23 09:20:32Z INFO PromptManager] ReadValue
[2025-05-23 09:20:32Z INFO Terminal] WRITE: Enter the name of runner: 
[2025-05-23 09:20:32Z INFO Terminal] WRITE: [press Enter for SANDRA] 
[2025-05-23 09:20:32Z INFO Terminal] READ LINE
[2025-05-23 09:20:34Z INFO Terminal] Read value: ''
[2025-05-23 09:20:34Z INFO PromptManager] Falling back to the default: 'SANDRA'
[2025-05-23 09:20:34Z INFO Terminal] WRITE LINE: 
[2025-05-23 09:20:34Z INFO CommandSettings] Arg 'labels': ''
[2025-05-23 09:20:34Z INFO CommandSettings] Flag 'unattended': 'False'
[2025-05-23 09:20:34Z INFO PromptManager] ReadValue
[2025-05-23 09:20:34Z INFO Terminal] WRITE: This runner will have the following labels: 'self-hosted', 'Windows', 'X64' 
Enter any additional labels (ex. label-1,label-2): 
[2025-05-23 09:20:34Z INFO Terminal] WRITE: [press Enter to skip] 
[2025-05-23 09:20:34Z INFO Terminal] READ LINE
[2025-05-23 09:20:35Z INFO Terminal] Read value: ''
[2025-05-23 09:20:35Z INFO Terminal] WRITE LINE: 
[2025-05-23 09:20:35Z INFO CommandSettings] Flag 'disableupdate': 'False'
[2025-05-23 09:20:35Z INFO CommandSettings] Flag 'no-default-labels': 'False'
[2025-05-23 09:20:35Z INFO CommandSettings] Flag 'disableupdate': 'False'
[2025-05-23 09:20:35Z INFO CommandSettings] Flag 'ephemeral': 'False'
[2025-05-23 09:20:35Z INFO ConfigurationStore] Saving OAuth credential @ D:\Sandra\MERN\2024\backend\actions-runner\.credentials
[2025-05-23 09:20:35Z INFO ConfigurationStore] Credentials Saved.
[2025-05-23 09:20:35Z INFO ConfigurationStore] HasCredentials()
[2025-05-23 09:20:35Z INFO ConfigurationStore] stored True
[2025-05-23 09:20:35Z INFO CredentialManager] GetCredentialProvider
[2025-05-23 09:20:35Z INFO CredentialManager] Creating type OAuth
[2025-05-23 09:20:35Z INFO CredentialManager] Creating credential type: OAuth
[2025-05-23 09:20:35Z INFO RSAEncryptedFileKeyManager] Loading RSA key parameters from file D:\Sandra\MERN\2024\backend\actions-runner\.credentials_rsaparams
[2025-05-23 09:20:35Z INFO RunnerServer] EstablishVssConnection
[2025-05-23 09:20:35Z INFO RunnerServer] Establish connection with 100 seconds timeout.
[2025-05-23 09:20:35Z INFO GitHubActionsService] Starting operation Location.GetConnectionData
[2025-05-23 09:20:35Z INFO RunnerServer] EstablishVssConnection
[2025-05-23 09:20:35Z INFO RunnerServer] Establish connection with 60 seconds timeout.
[2025-05-23 09:20:35Z INFO GitHubActionsService] Starting operation Location.GetConnectionData
[2025-05-23 09:20:35Z INFO RunnerServer] EstablishVssConnection
[2025-05-23 09:20:35Z INFO RunnerServer] Establish connection with 60 seconds timeout.
[2025-05-23 09:20:35Z INFO GitHubActionsService] Starting operation Location.GetConnectionData
[2025-05-23 09:20:36Z INFO GitHubActionsService] Finished operation Location.GetConnectionData
[2025-05-23 09:20:36Z INFO GitHubActionsService] Finished operation Location.GetConnectionData
[2025-05-23 09:20:36Z INFO GitHubActionsService] Finished operation Location.GetConnectionData
[2025-05-23 09:20:36Z INFO RSAEncryptedFileKeyManager] Loading RSA key parameters from file D:\Sandra\MERN\2024\backend\actions-runner\.credentials_rsaparams
[2025-05-23 09:20:36Z INFO RSAEncryptedFileKeyManager] Loading RSA key parameters from file D:\Sandra\MERN\2024\backend\actions-runner\.credentials_rsaparams
[2025-05-23 09:20:39Z INFO GitHubActionsService] AAD Correlation ID for this token request: Unknown
[2025-05-23 09:20:39Z WARN GitHubActionsService] Retrieving an AAD auth token took a long time (2,508478 seconds)
[2025-05-23 09:20:39Z INFO CommandSettings] Arg 'work': ''
[2025-05-23 09:20:39Z INFO CommandSettings] Flag 'unattended': 'False'
[2025-05-23 09:20:39Z INFO PromptManager] ReadValue
[2025-05-23 09:20:39Z INFO Terminal] WRITE: Enter name of work folder: 
[2025-05-23 09:20:39Z INFO Terminal] WRITE: [press Enter for _work] 
[2025-05-23 09:20:39Z INFO Terminal] READ LINE
[2025-05-23 09:20:41Z INFO Terminal] Read value: ''
[2025-05-23 09:20:41Z INFO PromptManager] Falling back to the default: '_work'
[2025-05-23 09:20:41Z INFO ConfigurationStore] Saving runner settings.
[2025-05-23 09:20:41Z INFO ConfigurationStore] Settings Saved.
[2025-05-23 09:20:41Z INFO Terminal] WRITE LINE: 
[2025-05-23 09:20:41Z INFO Terminal] WRITE LINE: 
[2025-05-23 09:20:41Z INFO CommandSettings] Flag 'runasservice': 'False'
[2025-05-23 09:20:41Z INFO CommandSettings] Flag 'unattended': 'False'
[2025-05-23 09:20:41Z INFO PromptManager] ReadValue
[2025-05-23 09:20:41Z INFO Terminal] WRITE: Would you like to run the runner as service? (Y/N) 
[2025-05-23 09:20:41Z INFO Terminal] WRITE: [press Enter for N] 
[2025-05-23 09:20:41Z INFO Terminal] READ LINE
[2025-05-23 09:20:42Z INFO Terminal] Read value: 'y'
[2025-05-23 09:20:42Z INFO ConfigurationManager] Configuring to run the agent as service
[2025-05-23 09:20:42Z INFO CommandSettings] Arg 'windowslogonaccount': ''
[2025-05-23 09:20:42Z INFO CommandSettings] Flag 'unattended': 'False'
[2025-05-23 09:20:42Z INFO PromptManager] ReadValue
[2025-05-23 09:20:42Z INFO Terminal] WRITE: User account to use for the service 
[2025-05-23 09:20:42Z INFO Terminal] WRITE: [press Enter for AUTORITE NT\SERVICE RÉSEAU] 
[2025-05-23 09:20:42Z INFO Terminal] READ LINE
[2025-05-23 09:20:45Z INFO Terminal] Read value: 'sandra\user'
[2025-05-23 09:20:45Z INFO WindowsServiceControlManager] LogonAccount after transforming: sandra\user, user: user, domain: sandra
[2025-05-23 09:20:45Z INFO CommandSettings] Arg 'windowslogonpassword': ''
[2025-05-23 09:20:45Z INFO CommandSettings] Flag 'unattended': 'False'
[2025-05-23 09:20:45Z INFO PromptManager] ReadValue
[2025-05-23 09:20:45Z INFO Terminal] WRITE: Password for the account sandra\user 
[2025-05-23 09:20:45Z INFO Terminal] READ SECRET
[2025-05-23 09:21:30Z INFO Terminal] Read value: '***'
[2025-05-23 09:21:30Z INFO NativeWindowsServiceHelper] Verify credential for account user.
[2025-05-23 09:21:30Z INFO NativeWindowsServiceHelper] Credential for account 'user' is valid.
[2025-05-23 09:21:30Z INFO WindowsServiceControlManager] Credential validation succeed
[2025-05-23 09:21:30Z INFO WindowsServiceControlManager] Service name 'actions.runner.espace2021-backend2024.SANDRA' display name 'GitHub Actions Runner (espace2021-backend2024.SANDRA)' will be used for service configuration.
[2025-05-23 09:21:30Z INFO WindowsServiceControlManager] Verifying if the account has LogonAsService permission
[2025-05-23 09:21:30Z ERR  NativeWindowsServiceHelper] Can't enumerate account rights, return code 3221225524.
[2025-05-23 09:21:30Z INFO NativeWindowsServiceHelper] Successfully grant logon as service privilege to account 'user'
[2025-05-23 09:21:30Z INFO WindowsServiceControlManager] Create local group and grant folder permission to service logon account.
[2025-05-23 09:21:30Z INFO HostContext] Well known directory 'Bin': 'D:\Sandra\MERN\2024\backend\actions-runner\bin'
[2025-05-23 09:21:30Z INFO HostContext] Well known directory 'Root': 'D:\Sandra\MERN\2024\backend\actions-runner'
[2025-05-23 09:21:30Z INFO ConfigurationStore] Read setting file: 303 chars
[2025-05-23 09:21:30Z INFO HostContext] Well known directory 'Bin': 'D:\Sandra\MERN\2024\backend\actions-runner\bin'
[2025-05-23 09:21:30Z INFO HostContext] Well known directory 'Root': 'D:\Sandra\MERN\2024\backend\actions-runner'
[2025-05-23 09:21:30Z INFO HostContext] Well known directory 'Work': 'D:\Sandra\MERN\2024\backend\actions-runner\_work'
[2025-05-23 09:21:30Z INFO HostContext] Well known directory 'Bin': 'D:\Sandra\MERN\2024\backend\actions-runner\bin'
[2025-05-23 09:21:30Z INFO NativeWindowsServiceHelper] Calculated unique group name GITHUB_ActionsRunner_Gfd81b
[2025-05-23 09:21:30Z INFO NativeWindowsServiceHelper] Trying to create group GITHUB_ActionsRunner_Gfd81b
[2025-05-23 09:21:30Z INFO NativeWindowsServiceHelper] Local Group 'GITHUB_ActionsRunner_Gfd81b' created
[2025-05-23 09:21:30Z INFO NativeWindowsServiceHelper] Trying to add userName sandra\user to the group GITHUB_ActionsRunner_Gfd81b
[2025-05-23 09:21:30Z INFO NativeWindowsServiceHelper] Account 'sandra\user' is added to local group 'GITHUB_ActionsRunner_Gfd81b'.
[2025-05-23 09:21:30Z INFO NativeWindowsServiceHelper] Set full access control to group for the folder D:\Sandra\MERN\2024\backend\actions-runner
[2025-05-23 09:21:30Z INFO NativeWindowsServiceHelper] Set full access control to group for the folder D:\Sandra\MERN\2024\backend\actions-runner\_work
[2025-05-23 09:21:30Z INFO NativeWindowsServiceHelper] Local group 'GITHUB_ActionsRunner_Gfd81b' already has full control to path 'D:\Sandra\MERN\2024\backend\actions-runner\_work'.
[2025-05-23 09:21:30Z INFO Terminal] WRITE LINE: Granting file permissions to 'sandra\user'.
[2025-05-23 09:21:30Z INFO HostContext] Well known directory 'Bin': 'D:\Sandra\MERN\2024\backend\actions-runner\bin'
[2025-05-23 09:21:30Z INFO ProcessInvokerWrapper] Starting process:
[2025-05-23 09:21:30Z INFO ProcessInvokerWrapper]   File name: '"D:\Sandra\MERN\2024\backend\actions-runner\bin\RunnerService.exe"'
[2025-05-23 09:21:30Z INFO ProcessInvokerWrapper]   Arguments: 'init'
[2025-05-23 09:21:30Z INFO ProcessInvokerWrapper]   Working directory: ''
[2025-05-23 09:21:30Z INFO ProcessInvokerWrapper]   Require exit code zero: 'True'
[2025-05-23 09:21:30Z INFO ProcessInvokerWrapper]   Encoding web name:  ; code page: ''
[2025-05-23 09:21:30Z INFO ProcessInvokerWrapper]   Force kill process on cancellation: 'False'
[2025-05-23 09:21:30Z INFO ProcessInvokerWrapper]   Redirected STDIN: 'False'
[2025-05-23 09:21:30Z INFO ProcessInvokerWrapper]   Persist current code page: 'False'
[2025-05-23 09:21:30Z INFO ProcessInvokerWrapper]   Keep redirected STDIN open: 'False'
[2025-05-23 09:21:30Z INFO ProcessInvokerWrapper]   High priority process: 'False'
[2025-05-23 09:21:30Z INFO ProcessInvokerWrapper] Process started with process id 8312, waiting for process exit.
[2025-05-23 09:21:30Z INFO ProcessInvokerWrapper] STDOUT/STDERR stream read finished.
[2025-05-23 09:21:30Z INFO ProcessInvokerWrapper] STDOUT/STDERR stream read finished.
[2025-05-23 09:21:30Z INFO ProcessInvokerWrapper] Finished process 8312 with exit code 0, and elapsed time 00:00:00.0742856.
[2025-05-23 09:21:30Z INFO Terminal] WRITE LINE: Service actions.runner.espace2021-backend2024.SANDRA successfully installed
[2025-05-23 09:21:30Z INFO Terminal] WRITE LINE: Service actions.runner.espace2021-backend2024.SANDRA successfully set recovery option
[2025-05-23 09:21:30Z INFO Terminal] WRITE LINE: Service actions.runner.espace2021-backend2024.SANDRA successfully set to delayed auto start
[2025-05-23 09:21:30Z INFO Terminal] WRITE LINE: Service actions.runner.espace2021-backend2024.SANDRA successfully configured
[2025-05-23 09:21:30Z INFO HostContext] Well known directory 'Bin': 'D:\Sandra\MERN\2024\backend\actions-runner\bin'
[2025-05-23 09:21:30Z INFO HostContext] Well known directory 'Root': 'D:\Sandra\MERN\2024\backend\actions-runner'
[2025-05-23 09:21:30Z INFO HostContext] Well known config file 'Service': 'D:\Sandra\MERN\2024\backend\actions-runner\.service'
[2025-05-23 09:21:30Z INFO WindowsServiceControlManager] Configuration was successful, trying to start the service
[2025-05-23 09:21:30Z INFO Terminal] WRITE LINE: Waiting for service to start...
[2025-05-23 09:21:30Z INFO Terminal] WRITE LINE: Service actions.runner.espace2021-backend2024.SANDRA started successfully
[2025-05-23 09:21:30Z INFO Listener] Runner execution has finished with return code 0
