[2025-05-23 09:13:49Z INFO HostContext] No proxy settings were found based on environmental variables (http_proxy/https_proxy/HTTP_PROXY/HTTPS_PROXY)
[2025-05-23 09:13:49Z INFO HostContext] Well known directory 'Bin': 'D:\Sandra\MERN\2024\backend\actions-runner\bin'
[2025-05-23 09:13:49Z INFO HostContext] Well known directory 'Root': 'D:\Sandra\MERN\2024\backend\actions-runner'
[2025-05-23 09:13:49Z INFO HostContext] Well known config file 'Credentials': 'D:\Sandra\MERN\2024\backend\actions-runner\.credentials'
[2025-05-23 09:13:49Z INFO HostContext] Well known directory 'Bin': 'D:\Sandra\MERN\2024\backend\actions-runner\bin'
[2025-05-23 09:13:49Z INFO HostContext] Well known directory 'Root': 'D:\Sandra\MERN\2024\backend\actions-runner'
[2025-05-23 09:13:49Z INFO HostContext] Well known config file 'Runner': 'D:\Sandra\MERN\2024\backend\actions-runner\.runner'
[2025-05-23 09:13:49Z INFO Listener] Runner is built for Windows (X64) - win-x64.
[2025-05-23 09:13:49Z INFO Listener] RuntimeInformation: Microsoft Windows 10.0.19045.
[2025-05-23 09:13:49Z INFO Listener] Version: 2.324.0
[2025-05-23 09:13:49Z INFO Listener] Commit: da3412efd49b1cf1a0fbdcbcee4e4ac4cc2177c8
[2025-05-23 09:13:49Z INFO Listener] Culture: fr-FR
[2025-05-23 09:13:49Z INFO Listener] UI Culture: fr-FR
[2025-05-23 09:13:49Z INFO HostContext] Well known directory 'Bin': 'D:\Sandra\MERN\2024\backend\actions-runner\bin'
[2025-05-23 09:13:49Z INFO HostContext] Well known directory 'Root': 'D:\Sandra\MERN\2024\backend\actions-runner'
[2025-05-23 09:13:49Z INFO Listener] Validating directory permissions for: 'D:\Sandra\MERN\2024\backend\actions-runner'
[2025-05-23 09:13:49Z INFO CommandLineParser] Parse
[2025-05-23 09:13:49Z INFO CommandLineParser] Parsing 1 args
[2025-05-23 09:13:49Z INFO CommandLineParser] parsing argument
[2025-05-23 09:13:49Z INFO CommandLineParser] HasArgs: False
[2025-05-23 09:13:49Z INFO CommandLineParser] Adding Command: remove
[2025-05-23 09:13:49Z INFO Listener] Arguments parsed
[2025-05-23 09:13:49Z INFO Runner] ExecuteCommand
[2025-05-23 09:13:49Z INFO ConfigurationStore] currentAssemblyLocation: D:\Sandra\MERN\2024\backend\actions-runner\bin\Runner.Listener.dll
[2025-05-23 09:13:49Z INFO HostContext] Well known directory 'Bin': 'D:\Sandra\MERN\2024\backend\actions-runner\bin'
[2025-05-23 09:13:49Z INFO ConfigurationStore] binPath: D:\Sandra\MERN\2024\backend\actions-runner\bin
[2025-05-23 09:13:49Z INFO HostContext] Well known directory 'Bin': 'D:\Sandra\MERN\2024\backend\actions-runner\bin'
[2025-05-23 09:13:49Z INFO HostContext] Well known directory 'Root': 'D:\Sandra\MERN\2024\backend\actions-runner'
[2025-05-23 09:13:49Z INFO ConfigurationStore] RootFolder: D:\Sandra\MERN\2024\backend\actions-runner
[2025-05-23 09:13:49Z INFO HostContext] Well known directory 'Bin': 'D:\Sandra\MERN\2024\backend\actions-runner\bin'
[2025-05-23 09:13:49Z INFO HostContext] Well known directory 'Root': 'D:\Sandra\MERN\2024\backend\actions-runner'
[2025-05-23 09:13:49Z INFO HostContext] Well known config file 'Runner': 'D:\Sandra\MERN\2024\backend\actions-runner\.runner'
[2025-05-23 09:13:49Z INFO ConfigurationStore] ConfigFilePath: D:\Sandra\MERN\2024\backend\actions-runner\.runner
[2025-05-23 09:13:49Z INFO HostContext] Well known directory 'Bin': 'D:\Sandra\MERN\2024\backend\actions-runner\bin'
[2025-05-23 09:13:49Z INFO HostContext] Well known directory 'Root': 'D:\Sandra\MERN\2024\backend\actions-runner'
[2025-05-23 09:13:49Z INFO HostContext] Well known config file 'MigratedRunner': 'D:\Sandra\MERN\2024\backend\actions-runner\.runner_migrated'
[2025-05-23 09:13:49Z INFO ConfigurationStore] MigratedConfigFilePath: D:\Sandra\MERN\2024\backend\actions-runner\.runner_migrated
[2025-05-23 09:13:49Z INFO HostContext] Well known directory 'Bin': 'D:\Sandra\MERN\2024\backend\actions-runner\bin'
[2025-05-23 09:13:49Z INFO HostContext] Well known directory 'Root': 'D:\Sandra\MERN\2024\backend\actions-runner'
[2025-05-23 09:13:49Z INFO HostContext] Well known config file 'Credentials': 'D:\Sandra\MERN\2024\backend\actions-runner\.credentials'
[2025-05-23 09:13:49Z INFO ConfigurationStore] CredFilePath: D:\Sandra\MERN\2024\backend\actions-runner\.credentials
[2025-05-23 09:13:49Z INFO HostContext] Well known directory 'Bin': 'D:\Sandra\MERN\2024\backend\actions-runner\bin'
[2025-05-23 09:13:49Z INFO HostContext] Well known directory 'Root': 'D:\Sandra\MERN\2024\backend\actions-runner'
[2025-05-23 09:13:49Z INFO HostContext] Well known config file 'MigratedCredentials': 'D:\Sandra\MERN\2024\backend\actions-runner\.credentials_migrated'
[2025-05-23 09:13:49Z INFO ConfigurationStore] MigratedCredFilePath: D:\Sandra\MERN\2024\backend\actions-runner\.credentials_migrated
[2025-05-23 09:13:49Z INFO HostContext] Well known directory 'Bin': 'D:\Sandra\MERN\2024\backend\actions-runner\bin'
[2025-05-23 09:13:49Z INFO HostContext] Well known directory 'Root': 'D:\Sandra\MERN\2024\backend\actions-runner'
[2025-05-23 09:13:49Z INFO HostContext] Well known config file 'Service': 'D:\Sandra\MERN\2024\backend\actions-runner\.service'
[2025-05-23 09:13:49Z INFO ConfigurationStore] ServiceConfigFilePath: D:\Sandra\MERN\2024\backend\actions-runner\.service
[2025-05-23 09:13:49Z INFO CommandSettings] Flag 'help': 'False'
[2025-05-23 09:13:49Z INFO CommandSettings] Flag 'version': 'False'
[2025-05-23 09:13:49Z INFO CommandSettings] Flag 'commit': 'False'
[2025-05-23 09:13:49Z INFO CommandSettings] Flag 'check': 'False'
[2025-05-23 09:13:49Z INFO CommandSettings] Command 'configure': 'False'
[2025-05-23 09:13:49Z INFO CommandSettings] Command 'remove': 'True'
[2025-05-23 09:13:49Z INFO CommandSettings] Flag 'local': 'False'
[2025-05-23 09:13:49Z INFO ConfigurationStore] IsServiceConfigured()
[2025-05-23 09:13:49Z INFO ConfigurationStore] IsServiceConfigured: True
[2025-05-23 09:13:49Z INFO Terminal] WRITE LINE: Removing service
[2025-05-23 09:13:49Z INFO HostContext] Well known directory 'Bin': 'D:\Sandra\MERN\2024\backend\actions-runner\bin'
[2025-05-23 09:13:49Z INFO HostContext] Well known directory 'Root': 'D:\Sandra\MERN\2024\backend\actions-runner'
[2025-05-23 09:13:49Z INFO HostContext] Well known config file 'Service': 'D:\Sandra\MERN\2024\backend\actions-runner\.service'
[2025-05-23 09:13:49Z INFO NativeWindowsServiceHelper] Successfully stopped the service
[2025-05-23 09:13:49Z INFO NativeWindowsServiceHelper] Trying to delete service actions.runner.espace2021-backend2024.SANDRA
[2025-05-23 09:13:49Z INFO NativeWindowsServiceHelper] successfully removed the service
[2025-05-23 09:13:49Z INFO HostContext] Well known directory 'Bin': 'D:\Sandra\MERN\2024\backend\actions-runner\bin'
[2025-05-23 09:13:49Z INFO HostContext] Well known directory 'Root': 'D:\Sandra\MERN\2024\backend\actions-runner'
[2025-05-23 09:13:49Z INFO ConfigurationStore] Read setting file: 303 chars
[2025-05-23 09:13:49Z INFO HostContext] Well known directory 'Bin': 'D:\Sandra\MERN\2024\backend\actions-runner\bin'
[2025-05-23 09:13:49Z INFO HostContext] Well known directory 'Root': 'D:\Sandra\MERN\2024\backend\actions-runner'
[2025-05-23 09:13:49Z INFO HostContext] Well known directory 'Work': 'D:\Sandra\MERN\2024\backend\actions-runner\_work'
[2025-05-23 09:13:49Z INFO HostContext] Well known directory 'Bin': 'D:\Sandra\MERN\2024\backend\actions-runner\bin'
[2025-05-23 09:13:49Z INFO NativeWindowsServiceHelper] Calculated unique group name GITHUB_ActionsRunner_Gfd81b
[2025-05-23 09:13:49Z INFO NativeWindowsServiceHelper] Remove the group GITHUB_ActionsRunner_Gfd81b for the folder D:\Sandra\MERN\2024\backend\actions-runner.
[2025-05-23 09:13:49Z INFO NativeWindowsServiceHelper] Remove the group GITHUB_ActionsRunner_Gfd81b for the folder D:\Sandra\MERN\2024\backend\actions-runner\_work.
[2025-05-23 09:13:49Z INFO NativeWindowsServiceHelper] Delete the group GITHUB_ActionsRunner_Gfd81b.
[2025-05-23 09:13:49Z INFO NativeWindowsServiceHelper] Local Group 'GITHUB_ActionsRunner_Gfd81b' deleted
[2025-05-23 09:13:49Z INFO Terminal] WRITE LINE: 
[2025-05-23 09:13:49Z INFO ConfigurationStore] IsConfigured()
[2025-05-23 09:13:49Z INFO ConfigurationStore] IsConfigured: True
[2025-05-23 09:13:49Z INFO ConfigurationStore] HasCredentials()
[2025-05-23 09:13:49Z INFO ConfigurationStore] stored True
[2025-05-23 09:13:49Z INFO CommandSettings] Arg 'token': ''
[2025-05-23 09:13:49Z INFO CommandSettings] Flag 'unattended': 'False'
[2025-05-23 09:13:49Z INFO PromptManager] ReadValue
[2025-05-23 09:13:49Z INFO Terminal] WRITE: Enter runner remove token: 
[2025-05-23 09:13:49Z INFO Terminal] READ SECRET
[2025-05-23 09:14:09Z INFO Terminal] Read value: '***'
[2025-05-23 09:14:09Z ERR  Terminal] WRITE ERROR: Http response code: NotFound from 'POST https://api.github.com/actions/runner-registration' (Request Id: F735:72FD8:2D7FD26:2F1526D:68303C60)
[2025-05-23 09:14:09Z ERR  Terminal] WRITE ERROR: {"message":"Not Found","documentation_url":"https://docs.github.com/rest","status":"404"}
[2025-05-23 09:14:09Z ERR  Terminal] WRITE ERROR: Failed: Removing runner from the server
[2025-05-23 09:14:09Z ERR  Runner] System.Net.Http.HttpRequestException: Response status code does not indicate success: 404 (Not Found).
   at System.Net.Http.HttpResponseMessage.EnsureSuccessStatusCode()
   at GitHub.Runner.Listener.Configuration.ConfigurationManager.GetTenantCredential(String githubUrl, String githubToken, String runnerEvent)
   at GitHub.Runner.Listener.Configuration.ConfigurationManager.UnconfigureAsync(CommandSettings command)
   at GitHub.Runner.Listener.Runner.ExecuteCommand(CommandSettings command)
[2025-05-23 09:14:09Z ERR  Terminal] WRITE ERROR: Response status code does not indicate success: 404 (Not Found).
[2025-05-23 09:14:09Z INFO Listener] Runner execution has finished with return code 1
