[2025-05-23 09:21:30Z INFO HostContext] No proxy settings were found based on environmental variables (http_proxy/https_proxy/HTTP_PROXY/HTTPS_PROXY)
[2025-05-23 09:21:30Z INFO HostContext] Well known directory 'Bin': 'D:\Sandra\MERN\2024\backend\actions-runner\bin'
[2025-05-23 09:21:30Z INFO HostContext] Well known directory 'Root': 'D:\Sandra\MERN\2024\backend\actions-runner'
[2025-05-23 09:21:30Z INFO HostContext] Well known config file 'Credentials': 'D:\Sandra\MERN\2024\backend\actions-runner\.credentials'
[2025-05-23 09:21:30Z INFO HostContext] Well known directory 'Bin': 'D:\Sandra\MERN\2024\backend\actions-runner\bin'
[2025-05-23 09:21:30Z INFO HostContext] Well known directory 'Root': 'D:\Sandra\MERN\2024\backend\actions-runner'
[2025-05-23 09:21:30Z INFO HostContext] Well known config file 'Runner': 'D:\Sandra\MERN\2024\backend\actions-runner\.runner'
[2025-05-23 09:21:30Z INFO Listener] Runner is built for Windows (X64) - win-x64.
[2025-05-23 09:21:30Z INFO Listener] RuntimeInformation: Microsoft Windows 10.0.19045.
[2025-05-23 09:21:30Z INFO Listener] Version: 2.324.0
[2025-05-23 09:21:30Z INFO Listener] Commit: da3412efd49b1cf1a0fbdcbcee4e4ac4cc2177c8
[2025-05-23 09:21:30Z INFO Listener] Culture: fr-FR
[2025-05-23 09:21:30Z INFO Listener] UI Culture: fr-FR
[2025-05-23 09:21:30Z INFO HostContext] Well known directory 'Bin': 'D:\Sandra\MERN\2024\backend\actions-runner\bin'
[2025-05-23 09:21:30Z INFO HostContext] Well known directory 'Root': 'D:\Sandra\MERN\2024\backend\actions-runner'
[2025-05-23 09:21:30Z INFO Listener] Validating directory permissions for: 'D:\Sandra\MERN\2024\backend\actions-runner'
[2025-05-23 09:21:30Z INFO CommandLineParser] Parse
[2025-05-23 09:21:30Z INFO CommandLineParser] Parsing 3 args
[2025-05-23 09:21:30Z INFO CommandLineParser] parsing argument
[2025-05-23 09:21:30Z INFO CommandLineParser] HasArgs: False
[2025-05-23 09:21:30Z INFO CommandLineParser] Adding Command: run
[2025-05-23 09:21:30Z INFO CommandLineParser] parsing argument
[2025-05-23 09:21:30Z INFO CommandLineParser] HasArgs: True
[2025-05-23 09:21:30Z INFO CommandLineParser] arg: startuptype
[2025-05-23 09:21:30Z INFO CommandLineParser] parsing argument
[2025-05-23 09:21:30Z INFO CommandLineParser] HasArgs: True
[2025-05-23 09:21:30Z INFO CommandLineParser] Adding option 'startuptype': 'service'
[2025-05-23 09:21:30Z INFO Listener] Arguments parsed
[2025-05-23 09:21:30Z INFO Runner] ExecuteCommand
[2025-05-23 09:21:30Z INFO ConfigurationStore] currentAssemblyLocation: D:\Sandra\MERN\2024\backend\actions-runner\bin\Runner.Listener.dll
[2025-05-23 09:21:30Z INFO HostContext] Well known directory 'Bin': 'D:\Sandra\MERN\2024\backend\actions-runner\bin'
[2025-05-23 09:21:30Z INFO ConfigurationStore] binPath: D:\Sandra\MERN\2024\backend\actions-runner\bin
[2025-05-23 09:21:30Z INFO HostContext] Well known directory 'Bin': 'D:\Sandra\MERN\2024\backend\actions-runner\bin'
[2025-05-23 09:21:30Z INFO HostContext] Well known directory 'Root': 'D:\Sandra\MERN\2024\backend\actions-runner'
[2025-05-23 09:21:30Z INFO ConfigurationStore] RootFolder: D:\Sandra\MERN\2024\backend\actions-runner
[2025-05-23 09:21:30Z INFO HostContext] Well known directory 'Bin': 'D:\Sandra\MERN\2024\backend\actions-runner\bin'
[2025-05-23 09:21:30Z INFO HostContext] Well known directory 'Root': 'D:\Sandra\MERN\2024\backend\actions-runner'
[2025-05-23 09:21:30Z INFO HostContext] Well known config file 'Runner': 'D:\Sandra\MERN\2024\backend\actions-runner\.runner'
[2025-05-23 09:21:30Z INFO ConfigurationStore] ConfigFilePath: D:\Sandra\MERN\2024\backend\actions-runner\.runner
[2025-05-23 09:21:30Z INFO HostContext] Well known directory 'Bin': 'D:\Sandra\MERN\2024\backend\actions-runner\bin'
[2025-05-23 09:21:30Z INFO HostContext] Well known directory 'Root': 'D:\Sandra\MERN\2024\backend\actions-runner'
[2025-05-23 09:21:30Z INFO HostContext] Well known config file 'MigratedRunner': 'D:\Sandra\MERN\2024\backend\actions-runner\.runner_migrated'
[2025-05-23 09:21:30Z INFO ConfigurationStore] MigratedConfigFilePath: D:\Sandra\MERN\2024\backend\actions-runner\.runner_migrated
[2025-05-23 09:21:30Z INFO HostContext] Well known directory 'Bin': 'D:\Sandra\MERN\2024\backend\actions-runner\bin'
[2025-05-23 09:21:30Z INFO HostContext] Well known directory 'Root': 'D:\Sandra\MERN\2024\backend\actions-runner'
[2025-05-23 09:21:30Z INFO HostContext] Well known config file 'Credentials': 'D:\Sandra\MERN\2024\backend\actions-runner\.credentials'
[2025-05-23 09:21:30Z INFO ConfigurationStore] CredFilePath: D:\Sandra\MERN\2024\backend\actions-runner\.credentials
[2025-05-23 09:21:30Z INFO HostContext] Well known directory 'Bin': 'D:\Sandra\MERN\2024\backend\actions-runner\bin'
[2025-05-23 09:21:30Z INFO HostContext] Well known directory 'Root': 'D:\Sandra\MERN\2024\backend\actions-runner'
[2025-05-23 09:21:30Z INFO HostContext] Well known config file 'MigratedCredentials': 'D:\Sandra\MERN\2024\backend\actions-runner\.credentials_migrated'
[2025-05-23 09:21:30Z INFO ConfigurationStore] MigratedCredFilePath: D:\Sandra\MERN\2024\backend\actions-runner\.credentials_migrated
[2025-05-23 09:21:30Z INFO HostContext] Well known directory 'Bin': 'D:\Sandra\MERN\2024\backend\actions-runner\bin'
[2025-05-23 09:21:30Z INFO HostContext] Well known directory 'Root': 'D:\Sandra\MERN\2024\backend\actions-runner'
[2025-05-23 09:21:30Z INFO HostContext] Well known config file 'Service': 'D:\Sandra\MERN\2024\backend\actions-runner\.service'
[2025-05-23 09:21:30Z INFO ConfigurationStore] ServiceConfigFilePath: D:\Sandra\MERN\2024\backend\actions-runner\.service
[2025-05-23 09:21:30Z INFO CommandSettings] Flag 'help': 'False'
[2025-05-23 09:21:30Z INFO CommandSettings] Flag 'version': 'False'
[2025-05-23 09:21:30Z INFO CommandSettings] Flag 'commit': 'False'
[2025-05-23 09:21:30Z INFO CommandSettings] Flag 'check': 'False'
[2025-05-23 09:21:30Z INFO CommandSettings] Command 'configure': 'False'
[2025-05-23 09:21:30Z INFO CommandSettings] Command 'remove': 'False'
[2025-05-23 09:21:30Z INFO CommandSettings] Command 'warmup': 'False'
[2025-05-23 09:21:30Z INFO ConfigurationManager] LoadSettings
[2025-05-23 09:21:30Z INFO ConfigurationStore] IsConfigured()
[2025-05-23 09:21:30Z INFO ConfigurationStore] IsConfigured: True
[2025-05-23 09:21:30Z INFO ConfigurationManager] Is configured: True
[2025-05-23 09:21:30Z INFO ConfigurationStore] Read setting file: 303 chars
[2025-05-23 09:21:30Z INFO ConfigurationManager] Settings Loaded
[2025-05-23 09:21:30Z INFO ConfigurationStore] IsServiceConfigured()
[2025-05-23 09:21:30Z INFO ConfigurationStore] IsServiceConfigured: True
[2025-05-23 09:21:30Z INFO CommandSettings] Command 'run': 'True'
[2025-05-23 09:21:30Z INFO ConfigurationStore] IsConfigured()
[2025-05-23 09:21:30Z INFO ConfigurationStore] IsConfigured: True
[2025-05-23 09:21:30Z INFO ConfigurationManager] Is configured: True
[2025-05-23 09:21:30Z INFO Runner] Set runner startup type - Service
[2025-05-23 09:21:30Z INFO CommandSettings] Flag 'once': 'False'
[2025-05-23 09:21:30Z INFO CommandSettings] Flag 'once': 'False'
[2025-05-23 09:21:30Z INFO Runner] RunAsync
[2025-05-23 09:21:30Z INFO ConfigurationManager] LoadMigratedSettings
[2025-05-23 09:21:30Z INFO ConfigurationStore] IsMigratedConfigured()
[2025-05-23 09:21:30Z INFO ConfigurationStore] IsMigratedConfigured: False
[2025-05-23 09:21:30Z INFO Runner] Failed to load migrated settings: No migrated configuration found.
[2025-05-23 09:21:30Z INFO Runner] Falling back to original .runner settings
[2025-05-23 09:21:30Z INFO ConfigurationManager] LoadSettings
[2025-05-23 09:21:30Z INFO ConfigurationStore] IsConfigured()
[2025-05-23 09:21:30Z INFO ConfigurationStore] IsConfigured: True
[2025-05-23 09:21:30Z INFO ConfigurationManager] Is configured: True
[2025-05-23 09:21:30Z INFO ConfigurationManager] Settings Loaded
[2025-05-23 09:21:30Z INFO MessageListener] {
  "AgentId": 4,
  "AgentName": "SANDRA",
  "PoolId": 1,
  "PoolName": "Default",
  "ServerUrl": "https://pipelinesghubeus23.actions.githubusercontent.com/ULVxKPgPHU7EOABJAwGsh1IX7XjRUgKGkn2vs0U5Xd91Ffxj2U/",
  "GitHubUrl": "https://github.com/espace2021/backend2024",
  "WorkFolder": "_work"
}
[2025-05-23 09:21:30Z INFO MessageListener] Loading Credentials
[2025-05-23 09:21:30Z INFO ConfigurationStore] HasCredentials()
[2025-05-23 09:21:30Z INFO ConfigurationStore] stored True
[2025-05-23 09:21:31Z INFO CredentialManager] GetCredentialProvider
[2025-05-23 09:21:31Z INFO CredentialManager] Creating type OAuth
[2025-05-23 09:21:31Z INFO CredentialManager] Creating credential type: OAuth
[2025-05-23 09:21:31Z INFO HostContext] Well known directory 'Bin': 'D:\Sandra\MERN\2024\backend\actions-runner\bin'
[2025-05-23 09:21:31Z INFO HostContext] Well known directory 'Root': 'D:\Sandra\MERN\2024\backend\actions-runner'
[2025-05-23 09:21:31Z INFO HostContext] Well known config file 'RSACredentials': 'D:\Sandra\MERN\2024\backend\actions-runner\.credentials_rsaparams'
[2025-05-23 09:21:31Z INFO RSAEncryptedFileKeyManager] Loading RSA key parameters from file D:\Sandra\MERN\2024\backend\actions-runner\.credentials_rsaparams
[2025-05-23 09:21:31Z INFO MessageListener] Attempt to create session.
[2025-05-23 09:21:31Z INFO MessageListener] Connecting to the Runner Server...
[2025-05-23 09:21:31Z INFO RunnerServer] EstablishVssConnection
[2025-05-23 09:21:31Z INFO RunnerServer] Establish connection with 100 seconds timeout.
[2025-05-23 09:21:31Z INFO GitHubActionsService] Starting operation Location.GetConnectionData
[2025-05-23 09:21:31Z INFO RunnerServer] EstablishVssConnection
[2025-05-23 09:21:31Z INFO RunnerServer] Establish connection with 60 seconds timeout.
[2025-05-23 09:21:31Z INFO GitHubActionsService] Starting operation Location.GetConnectionData
[2025-05-23 09:21:31Z INFO RunnerServer] EstablishVssConnection
[2025-05-23 09:21:31Z INFO RunnerServer] Establish connection with 60 seconds timeout.
[2025-05-23 09:21:31Z INFO GitHubActionsService] Starting operation Location.GetConnectionData
[2025-05-23 09:21:31Z INFO GitHubActionsService] Finished operation Location.GetConnectionData
[2025-05-23 09:21:31Z INFO GitHubActionsService] Finished operation Location.GetConnectionData
[2025-05-23 09:21:31Z INFO GitHubActionsService] Finished operation Location.GetConnectionData
[2025-05-23 09:21:31Z INFO MessageListener] VssConnection created
[2025-05-23 09:21:31Z INFO Terminal] WRITE LINE: 
[2025-05-23 09:21:31Z INFO Terminal] WRITE LINE: 
[2025-05-23 09:21:32Z INFO RSAEncryptedFileKeyManager] Loading RSA key parameters from file D:\Sandra\MERN\2024\backend\actions-runner\.credentials_rsaparams
[2025-05-23 09:21:32Z INFO RSAEncryptedFileKeyManager] Loading RSA key parameters from file D:\Sandra\MERN\2024\backend\actions-runner\.credentials_rsaparams
[2025-05-23 09:21:34Z INFO GitHubActionsService] AAD Correlation ID for this token request: Unknown
[2025-05-23 09:21:34Z WARN GitHubActionsService] Retrieving an AAD auth token took a long time (2,5052279 seconds)
[2025-05-23 09:21:34Z INFO MessageListener] Session created.
[2025-05-23 09:21:34Z INFO MessageListener] Registering AuthMigrationChanged event handler.
[2025-05-23 09:21:34Z INFO Terminal] WRITE LINE: Current runner version: '2.324.0'
[2025-05-23 09:21:34Z INFO Terminal] WRITE LINE: 2025-05-23 09:21:34Z: Listening for Jobs
[2025-05-23 09:21:34Z INFO JobDispatcher] Set runner/worker IPC timeout to 30 seconds.
[2025-05-23 09:21:35Z INFO ConfigurationStore] HasCredentials()
[2025-05-23 09:21:35Z INFO ConfigurationStore] stored True
[2025-05-23 09:21:35Z INFO CredentialManager] GetCredentialProvider
[2025-05-23 09:21:35Z INFO CredentialManager] Creating type OAuth
[2025-05-23 09:21:35Z INFO CredentialManager] Creating credential type: OAuth
[2025-05-23 09:21:35Z INFO RSAEncryptedFileKeyManager] Loading RSA key parameters from file D:\Sandra\MERN\2024\backend\actions-runner\.credentials_rsaparams
[2025-05-23 09:21:35Z INFO RSAEncryptedFileKeyManager] Loading RSA key parameters from file D:\Sandra\MERN\2024\backend\actions-runner\.credentials_rsaparams
[2025-05-23 09:21:35Z INFO RSAEncryptedFileKeyManager] Loading RSA key parameters from file D:\Sandra\MERN\2024\backend\actions-runner\.credentials_rsaparams
[2025-05-23 09:21:35Z INFO GitHubActionsService] AAD Correlation ID for this token request: Unknown
[2025-05-23 09:22:26Z INFO ConfigurationStore] HasCredentials()
[2025-05-23 09:22:26Z INFO ConfigurationStore] stored True
[2025-05-23 09:22:26Z INFO CredentialManager] GetCredentialProvider
[2025-05-23 09:22:26Z INFO CredentialManager] Creating type OAuth
[2025-05-23 09:22:26Z INFO CredentialManager] Creating credential type: OAuth
[2025-05-23 09:22:26Z INFO RSAEncryptedFileKeyManager] Loading RSA key parameters from file D:\Sandra\MERN\2024\backend\actions-runner\.credentials_rsaparams
[2025-05-23 09:23:16Z INFO ConfigurationStore] HasCredentials()
[2025-05-23 09:23:16Z INFO ConfigurationStore] stored True
[2025-05-23 09:23:16Z INFO CredentialManager] GetCredentialProvider
[2025-05-23 09:23:16Z INFO CredentialManager] Creating type OAuth
[2025-05-23 09:23:16Z INFO CredentialManager] Creating credential type: OAuth
[2025-05-23 09:23:16Z INFO RSAEncryptedFileKeyManager] Loading RSA key parameters from file D:\Sandra\MERN\2024\backend\actions-runner\.credentials_rsaparams
[2025-05-23 09:24:07Z INFO ConfigurationStore] HasCredentials()
[2025-05-23 09:24:07Z INFO ConfigurationStore] stored True
[2025-05-23 09:24:07Z INFO CredentialManager] GetCredentialProvider
[2025-05-23 09:24:07Z INFO CredentialManager] Creating type OAuth
[2025-05-23 09:24:07Z INFO CredentialManager] Creating credential type: OAuth
[2025-05-23 09:24:07Z INFO RSAEncryptedFileKeyManager] Loading RSA key parameters from file D:\Sandra\MERN\2024\backend\actions-runner\.credentials_rsaparams
[2025-05-23 09:24:57Z INFO ConfigurationStore] HasCredentials()
[2025-05-23 09:24:57Z INFO ConfigurationStore] stored True
[2025-05-23 09:24:57Z INFO CredentialManager] GetCredentialProvider
[2025-05-23 09:24:57Z INFO CredentialManager] Creating type OAuth
[2025-05-23 09:24:57Z INFO CredentialManager] Creating credential type: OAuth
[2025-05-23 09:24:57Z INFO RSAEncryptedFileKeyManager] Loading RSA key parameters from file D:\Sandra\MERN\2024\backend\actions-runner\.credentials_rsaparams
[2025-05-23 09:25:48Z INFO ConfigurationStore] HasCredentials()
[2025-05-23 09:25:48Z INFO ConfigurationStore] stored True
[2025-05-23 09:25:48Z INFO CredentialManager] GetCredentialProvider
[2025-05-23 09:25:48Z INFO CredentialManager] Creating type OAuth
[2025-05-23 09:25:48Z INFO CredentialManager] Creating credential type: OAuth
[2025-05-23 09:25:48Z INFO RSAEncryptedFileKeyManager] Loading RSA key parameters from file D:\Sandra\MERN\2024\backend\actions-runner\.credentials_rsaparams
[2025-05-23 09:26:38Z INFO ConfigurationStore] HasCredentials()
[2025-05-23 09:26:38Z INFO ConfigurationStore] stored True
[2025-05-23 09:26:38Z INFO CredentialManager] GetCredentialProvider
[2025-05-23 09:26:38Z INFO CredentialManager] Creating type OAuth
[2025-05-23 09:26:38Z INFO CredentialManager] Creating credential type: OAuth
[2025-05-23 09:26:38Z INFO RSAEncryptedFileKeyManager] Loading RSA key parameters from file D:\Sandra\MERN\2024\backend\actions-runner\.credentials_rsaparams
[2025-05-23 09:27:29Z INFO ConfigurationStore] HasCredentials()
[2025-05-23 09:27:29Z INFO ConfigurationStore] stored True
[2025-05-23 09:27:29Z INFO CredentialManager] GetCredentialProvider
[2025-05-23 09:27:29Z INFO CredentialManager] Creating type OAuth
[2025-05-23 09:27:29Z INFO CredentialManager] Creating credential type: OAuth
[2025-05-23 09:27:29Z INFO RSAEncryptedFileKeyManager] Loading RSA key parameters from file D:\Sandra\MERN\2024\backend\actions-runner\.credentials_rsaparams
[2025-05-23 09:28:19Z INFO ConfigurationStore] HasCredentials()
[2025-05-23 09:28:19Z INFO ConfigurationStore] stored True
[2025-05-23 09:28:19Z INFO CredentialManager] GetCredentialProvider
[2025-05-23 09:28:19Z INFO CredentialManager] Creating type OAuth
[2025-05-23 09:28:19Z INFO CredentialManager] Creating credential type: OAuth
[2025-05-23 09:28:19Z INFO RSAEncryptedFileKeyManager] Loading RSA key parameters from file D:\Sandra\MERN\2024\backend\actions-runner\.credentials_rsaparams
[2025-05-23 09:29:10Z INFO ConfigurationStore] HasCredentials()
[2025-05-23 09:29:10Z INFO ConfigurationStore] stored True
[2025-05-23 09:29:10Z INFO CredentialManager] GetCredentialProvider
[2025-05-23 09:29:10Z INFO CredentialManager] Creating type OAuth
[2025-05-23 09:29:10Z INFO CredentialManager] Creating credential type: OAuth
[2025-05-23 09:29:10Z INFO RSAEncryptedFileKeyManager] Loading RSA key parameters from file D:\Sandra\MERN\2024\backend\actions-runner\.credentials_rsaparams
[2025-05-23 09:30:00Z INFO ConfigurationStore] HasCredentials()
[2025-05-23 09:30:00Z INFO ConfigurationStore] stored True
[2025-05-23 09:30:00Z INFO CredentialManager] GetCredentialProvider
[2025-05-23 09:30:00Z INFO CredentialManager] Creating type OAuth
[2025-05-23 09:30:00Z INFO CredentialManager] Creating credential type: OAuth
[2025-05-23 09:30:00Z INFO RSAEncryptedFileKeyManager] Loading RSA key parameters from file D:\Sandra\MERN\2024\backend\actions-runner\.credentials_rsaparams
[2025-05-23 09:30:51Z INFO ConfigurationStore] HasCredentials()
[2025-05-23 09:30:51Z INFO ConfigurationStore] stored True
[2025-05-23 09:30:51Z INFO CredentialManager] GetCredentialProvider
[2025-05-23 09:30:51Z INFO CredentialManager] Creating type OAuth
[2025-05-23 09:30:51Z INFO CredentialManager] Creating credential type: OAuth
[2025-05-23 09:30:51Z INFO RSAEncryptedFileKeyManager] Loading RSA key parameters from file D:\Sandra\MERN\2024\backend\actions-runner\.credentials_rsaparams
[2025-05-23 09:31:41Z INFO ConfigurationStore] HasCredentials()
[2025-05-23 09:31:41Z INFO ConfigurationStore] stored True
[2025-05-23 09:31:41Z INFO CredentialManager] GetCredentialProvider
[2025-05-23 09:31:41Z INFO CredentialManager] Creating type OAuth
[2025-05-23 09:31:41Z INFO CredentialManager] Creating credential type: OAuth
[2025-05-23 09:31:41Z INFO RSAEncryptedFileKeyManager] Loading RSA key parameters from file D:\Sandra\MERN\2024\backend\actions-runner\.credentials_rsaparams
[2025-05-23 09:32:32Z INFO ConfigurationStore] HasCredentials()
[2025-05-23 09:32:32Z INFO ConfigurationStore] stored True
[2025-05-23 09:32:32Z INFO CredentialManager] GetCredentialProvider
[2025-05-23 09:32:32Z INFO CredentialManager] Creating type OAuth
[2025-05-23 09:32:32Z INFO CredentialManager] Creating credential type: OAuth
[2025-05-23 09:32:32Z INFO RSAEncryptedFileKeyManager] Loading RSA key parameters from file D:\Sandra\MERN\2024\backend\actions-runner\.credentials_rsaparams
[2025-05-23 09:33:22Z INFO ConfigurationStore] HasCredentials()
[2025-05-23 09:33:22Z INFO ConfigurationStore] stored True
[2025-05-23 09:33:22Z INFO CredentialManager] GetCredentialProvider
[2025-05-23 09:33:22Z INFO CredentialManager] Creating type OAuth
[2025-05-23 09:33:22Z INFO CredentialManager] Creating credential type: OAuth
[2025-05-23 09:33:22Z INFO RSAEncryptedFileKeyManager] Loading RSA key parameters from file D:\Sandra\MERN\2024\backend\actions-runner\.credentials_rsaparams
[2025-05-23 09:34:13Z INFO ConfigurationStore] HasCredentials()
[2025-05-23 09:34:13Z INFO ConfigurationStore] stored True
[2025-05-23 09:34:13Z INFO CredentialManager] GetCredentialProvider
[2025-05-23 09:34:13Z INFO CredentialManager] Creating type OAuth
[2025-05-23 09:34:13Z INFO CredentialManager] Creating credential type: OAuth
[2025-05-23 09:34:13Z INFO RSAEncryptedFileKeyManager] Loading RSA key parameters from file D:\Sandra\MERN\2024\backend\actions-runner\.credentials_rsaparams
[2025-05-23 09:35:03Z INFO ConfigurationStore] HasCredentials()
[2025-05-23 09:35:03Z INFO ConfigurationStore] stored True
[2025-05-23 09:35:03Z INFO CredentialManager] GetCredentialProvider
[2025-05-23 09:35:03Z INFO CredentialManager] Creating type OAuth
[2025-05-23 09:35:03Z INFO CredentialManager] Creating credential type: OAuth
[2025-05-23 09:35:03Z INFO RSAEncryptedFileKeyManager] Loading RSA key parameters from file D:\Sandra\MERN\2024\backend\actions-runner\.credentials_rsaparams
[2025-05-23 09:35:54Z INFO ConfigurationStore] HasCredentials()
[2025-05-23 09:35:54Z INFO ConfigurationStore] stored True
[2025-05-23 09:35:54Z INFO CredentialManager] GetCredentialProvider
[2025-05-23 09:35:54Z INFO CredentialManager] Creating type OAuth
[2025-05-23 09:35:54Z INFO CredentialManager] Creating credential type: OAuth
[2025-05-23 09:35:54Z INFO RSAEncryptedFileKeyManager] Loading RSA key parameters from file D:\Sandra\MERN\2024\backend\actions-runner\.credentials_rsaparams
[2025-05-23 09:36:45Z INFO ConfigurationStore] HasCredentials()
[2025-05-23 09:36:45Z INFO ConfigurationStore] stored True
[2025-05-23 09:36:45Z INFO CredentialManager] GetCredentialProvider
[2025-05-23 09:36:45Z INFO CredentialManager] Creating type OAuth
[2025-05-23 09:36:45Z INFO CredentialManager] Creating credential type: OAuth
[2025-05-23 09:36:45Z INFO RSAEncryptedFileKeyManager] Loading RSA key parameters from file D:\Sandra\MERN\2024\backend\actions-runner\.credentials_rsaparams
[2025-05-23 09:37:35Z INFO ConfigurationStore] HasCredentials()
[2025-05-23 09:37:35Z INFO ConfigurationStore] stored True
[2025-05-23 09:37:35Z INFO CredentialManager] GetCredentialProvider
[2025-05-23 09:37:35Z INFO CredentialManager] Creating type OAuth
[2025-05-23 09:37:35Z INFO CredentialManager] Creating credential type: OAuth
[2025-05-23 09:37:35Z INFO RSAEncryptedFileKeyManager] Loading RSA key parameters from file D:\Sandra\MERN\2024\backend\actions-runner\.credentials_rsaparams
