[2025-05-23 09:14:22Z INFO HostContext] No proxy settings were found based on environmental variables (http_proxy/https_proxy/HTTP_PROXY/HTTPS_PROXY)
[2025-05-23 09:14:22Z INFO HostContext] Well known directory 'Bin': 'D:\Sandra\MERN\2024\backend\actions-runner\bin'
[2025-05-23 09:14:22Z INFO HostContext] Well known directory 'Root': 'D:\Sandra\MERN\2024\backend\actions-runner'
[2025-05-23 09:14:22Z INFO HostContext] Well known config file 'Credentials': 'D:\Sandra\MERN\2024\backend\actions-runner\.credentials'
[2025-05-23 09:14:22Z INFO HostContext] Well known directory 'Bin': 'D:\Sandra\MERN\2024\backend\actions-runner\bin'
[2025-05-23 09:14:22Z INFO HostContext] Well known directory 'Root': 'D:\Sandra\MERN\2024\backend\actions-runner'
[2025-05-23 09:14:22Z INFO HostContext] Well known config file 'Runner': 'D:\Sandra\MERN\2024\backend\actions-runner\.runner'
[2025-05-23 09:14:22Z INFO Listener] Runner is built for Windows (X64) - win-x64.
[2025-05-23 09:14:22Z INFO Listener] RuntimeInformation: Microsoft Windows 10.0.19045.
[2025-05-23 09:14:22Z INFO Listener] Version: 2.324.0
[2025-05-23 09:14:22Z INFO Listener] Commit: da3412efd49b1cf1a0fbdcbcee4e4ac4cc2177c8
[2025-05-23 09:14:22Z INFO Listener] Culture: fr-FR
[2025-05-23 09:14:22Z INFO Listener] UI Culture: fr-FR
[2025-05-23 09:14:22Z INFO HostContext] Well known directory 'Bin': 'D:\Sandra\MERN\2024\backend\actions-runner\bin'
[2025-05-23 09:14:22Z INFO HostContext] Well known directory 'Root': 'D:\Sandra\MERN\2024\backend\actions-runner'
[2025-05-23 09:14:22Z INFO Listener] Validating directory permissions for: 'D:\Sandra\MERN\2024\backend\actions-runner'
[2025-05-23 09:14:22Z INFO CommandLineParser] Parse
[2025-05-23 09:14:22Z INFO CommandLineParser] Parsing 1 args
[2025-05-23 09:14:22Z INFO CommandLineParser] parsing argument
[2025-05-23 09:14:22Z INFO CommandLineParser] HasArgs: False
[2025-05-23 09:14:22Z INFO CommandLineParser] Adding Command: configure
[2025-05-23 09:14:22Z INFO Listener] Arguments parsed
[2025-05-23 09:14:22Z INFO Runner] ExecuteCommand
[2025-05-23 09:14:22Z INFO ConfigurationStore] currentAssemblyLocation: D:\Sandra\MERN\2024\backend\actions-runner\bin\Runner.Listener.dll
[2025-05-23 09:14:22Z INFO HostContext] Well known directory 'Bin': 'D:\Sandra\MERN\2024\backend\actions-runner\bin'
[2025-05-23 09:14:22Z INFO ConfigurationStore] binPath: D:\Sandra\MERN\2024\backend\actions-runner\bin
[2025-05-23 09:14:22Z INFO HostContext] Well known directory 'Bin': 'D:\Sandra\MERN\2024\backend\actions-runner\bin'
[2025-05-23 09:14:22Z INFO HostContext] Well known directory 'Root': 'D:\Sandra\MERN\2024\backend\actions-runner'
[2025-05-23 09:14:22Z INFO ConfigurationStore] RootFolder: D:\Sandra\MERN\2024\backend\actions-runner
[2025-05-23 09:14:22Z INFO HostContext] Well known directory 'Bin': 'D:\Sandra\MERN\2024\backend\actions-runner\bin'
[2025-05-23 09:14:22Z INFO HostContext] Well known directory 'Root': 'D:\Sandra\MERN\2024\backend\actions-runner'
[2025-05-23 09:14:22Z INFO HostContext] Well known config file 'Runner': 'D:\Sandra\MERN\2024\backend\actions-runner\.runner'
[2025-05-23 09:14:22Z INFO ConfigurationStore] ConfigFilePath: D:\Sandra\MERN\2024\backend\actions-runner\.runner
[2025-05-23 09:14:22Z INFO HostContext] Well known directory 'Bin': 'D:\Sandra\MERN\2024\backend\actions-runner\bin'
[2025-05-23 09:14:22Z INFO HostContext] Well known directory 'Root': 'D:\Sandra\MERN\2024\backend\actions-runner'
[2025-05-23 09:14:22Z INFO HostContext] Well known config file 'MigratedRunner': 'D:\Sandra\MERN\2024\backend\actions-runner\.runner_migrated'
[2025-05-23 09:14:22Z INFO ConfigurationStore] MigratedConfigFilePath: D:\Sandra\MERN\2024\backend\actions-runner\.runner_migrated
[2025-05-23 09:14:22Z INFO HostContext] Well known directory 'Bin': 'D:\Sandra\MERN\2024\backend\actions-runner\bin'
[2025-05-23 09:14:22Z INFO HostContext] Well known directory 'Root': 'D:\Sandra\MERN\2024\backend\actions-runner'
[2025-05-23 09:14:22Z INFO HostContext] Well known config file 'Credentials': 'D:\Sandra\MERN\2024\backend\actions-runner\.credentials'
[2025-05-23 09:14:22Z INFO ConfigurationStore] CredFilePath: D:\Sandra\MERN\2024\backend\actions-runner\.credentials
[2025-05-23 09:14:22Z INFO HostContext] Well known directory 'Bin': 'D:\Sandra\MERN\2024\backend\actions-runner\bin'
[2025-05-23 09:14:22Z INFO HostContext] Well known directory 'Root': 'D:\Sandra\MERN\2024\backend\actions-runner'
[2025-05-23 09:14:22Z INFO HostContext] Well known config file 'MigratedCredentials': 'D:\Sandra\MERN\2024\backend\actions-runner\.credentials_migrated'
[2025-05-23 09:14:22Z INFO ConfigurationStore] MigratedCredFilePath: D:\Sandra\MERN\2024\backend\actions-runner\.credentials_migrated
[2025-05-23 09:14:22Z INFO HostContext] Well known directory 'Bin': 'D:\Sandra\MERN\2024\backend\actions-runner\bin'
[2025-05-23 09:14:22Z INFO HostContext] Well known directory 'Root': 'D:\Sandra\MERN\2024\backend\actions-runner'
[2025-05-23 09:14:22Z INFO HostContext] Well known config file 'Service': 'D:\Sandra\MERN\2024\backend\actions-runner\.service'
[2025-05-23 09:14:22Z INFO ConfigurationStore] ServiceConfigFilePath: D:\Sandra\MERN\2024\backend\actions-runner\.service
[2025-05-23 09:14:22Z INFO CommandSettings] Flag 'help': 'False'
[2025-05-23 09:14:22Z INFO CommandSettings] Flag 'version': 'False'
[2025-05-23 09:14:22Z INFO CommandSettings] Flag 'commit': 'False'
[2025-05-23 09:14:22Z INFO CommandSettings] Flag 'check': 'False'
[2025-05-23 09:14:22Z INFO CommandSettings] Command 'configure': 'True'
[2025-05-23 09:14:22Z INFO Terminal] WRITE LINE: 
[2025-05-23 09:14:22Z INFO Terminal] WRITE LINE: --------------------------------------------------------------------------------
[2025-05-23 09:14:22Z INFO Terminal] WRITE LINE: |        ____ _ _   _   _       _          _        _   _                      |
[2025-05-23 09:14:22Z INFO Terminal] WRITE LINE: |       / ___(_) |_| | | |_   _| |__      / \   ___| |_(_) ___  _ __  ___      |
[2025-05-23 09:14:22Z INFO Terminal] WRITE LINE: |      | |  _| | __| |_| | | | | '_ \    / _ \ / __| __| |/ _ \| '_ \/ __|     |
[2025-05-23 09:14:22Z INFO Terminal] WRITE LINE: |      | |_| | | |_|  _  | |_| | |_) |  / ___ \ (__| |_| | (_) | | | \__ \     |
[2025-05-23 09:14:22Z INFO Terminal] WRITE LINE: |       \____|_|\__|_| |_|\__,_|_.__/  /_/   \_\___|\__|_|\___/|_| |_|___/     |
[2025-05-23 09:14:22Z INFO Terminal] WRITE LINE: |                                                                              |
[2025-05-23 09:14:22Z INFO Terminal] WRITE: |                       
[2025-05-23 09:14:22Z INFO Terminal] WRITE: Self-hosted runner registration
[2025-05-23 09:14:22Z INFO Terminal] WRITE LINE:                         |
[2025-05-23 09:14:22Z INFO Terminal] WRITE LINE: |                                                                              |
[2025-05-23 09:14:22Z INFO Terminal] WRITE LINE: --------------------------------------------------------------------------------
[2025-05-23 09:14:22Z INFO ConfigurationManager] ConfigureAsync
[2025-05-23 09:14:22Z INFO CommandSettings] Flag 'generateServiceConfig': 'False'
[2025-05-23 09:14:22Z INFO ConfigurationStore] IsConfigured()
[2025-05-23 09:14:22Z INFO ConfigurationStore] IsConfigured: True
[2025-05-23 09:14:22Z INFO ConfigurationManager] Is configured: True
[2025-05-23 09:14:22Z ERR  Runner] System.InvalidOperationException: Cannot configure the runner because it is already configured. To reconfigure the runner, run 'config.cmd remove' or './config.sh remove' first.
   at GitHub.Runner.Listener.Configuration.ConfigurationManager.ConfigureAsync(CommandSettings command)
   at GitHub.Runner.Listener.Runner.ExecuteCommand(CommandSettings command)
[2025-05-23 09:14:22Z ERR  Terminal] WRITE ERROR: Cannot configure the runner because it is already configured. To reconfigure the runner, run 'config.cmd remove' or './config.sh remove' first.
[2025-05-23 09:14:22Z INFO Listener] Runner execution has finished with return code 1
