[2025-05-23 09:50:43Z INFO HostContext] No proxy settings were found based on environmental variables (http_proxy/https_proxy/HTTP_PROXY/HTTPS_PROXY)
[2025-05-23 09:50:43Z INFO HostContext] Well known directory 'Bin': 'D:\Sandra\MERN\2024\backend\actions-runner\bin'
[2025-05-23 09:50:43Z INFO HostContext] Well known directory 'Root': 'D:\Sandra\MERN\2024\backend\actions-runner'
[2025-05-23 09:50:43Z INFO HostContext] Well known config file 'Credentials': 'D:\Sandra\MERN\2024\backend\actions-runner\.credentials'
[2025-05-23 09:50:44Z INFO HostContext] Well known directory 'Bin': 'D:\Sandra\MERN\2024\backend\actions-runner\bin'
[2025-05-23 09:50:44Z INFO HostContext] Well known directory 'Root': 'D:\Sandra\MERN\2024\backend\actions-runner'
[2025-05-23 09:50:44Z INFO HostContext] Well known config file 'Runner': 'D:\Sandra\MERN\2024\backend\actions-runner\.runner'
[2025-05-23 09:50:44Z INFO Worker] Version: 2.324.0
[2025-05-23 09:50:44Z INFO Worker] Commit: da3412efd49b1cf1a0fbdcbcee4e4ac4cc2177c8
[2025-05-23 09:50:44Z INFO Worker] Culture: fr-FR
[2025-05-23 09:50:44Z INFO Worker] UI Culture: fr-FR
[2025-05-23 09:50:44Z INFO Worker] Waiting to receive the job message from the channel.
[2025-05-23 09:50:44Z INFO ProcessChannel] Receiving message of length 16353, with hash '64ce5049a16d491e7710d00d96c697095b4c93b5e87d02297f7a902e0565a5a6'
[2025-05-23 09:50:44Z INFO Worker] Message received.
[2025-05-23 09:50:44Z INFO Worker] Job message:
 {
  "fileTable": [
    ".github/workflows/test-runner.yml"
  ],
  "mask": [
    {
      "type": "regex",
      "value": "***"
    },
    {
      "type": "regex",
      "value": "***"
    },
    {
      "type": "regex",
      "value": "***"
    },
    {
      "type": "regex",
      "value": "***"
    },
    {
      "type": "regex",
      "value": "***"
    },
    {
      "type": "regex",
      "value": "***"
    },
    {
      "type": "regex",
      "value": "***"
    },
    {
      "type": "regex",
      "value": "***"
    },
    {
      "type": "regex",
      "value": "***"
    },
    {
      "type": "regex",
      "value": "***"
    },
    {
      "type": "regex",
      "value": "***"
    },
    {
      "type": "regex",
      "value": "***"
    },
    {
      "type": "regex",
      "value": "***"
    },
    {
      "type": "regex",
      "value": "***"
    },
    {
      "type": "regex",
      "value": "***"
    },
    {
      "type": "regex",
      "value": "***"
    },
    {
      "type": "regex",
      "value": "***"
    },
    {
      "type": "regex",
      "value": "***"
    }
  ],
  "steps": [
    {
      "type": "action",
      "reference": {
        "type": "script"
      },
      "displayNameToken": {
        "type": 0,
        "file": 1,
        "line": 10,
        "col": 15,
        "lit": "Afficher un message"
      },
      "contextName": "__run",
      "inputs": {
        "type": 2,
        "map": [
          {
            "key": "script",
            "value": {
              "type": 0,
              "file": 1,
              "line": 11,
              "col": 14,
              "lit": "echo \"🎉 Le runner auto-hébergé fonctionne correctement !\""
            }
          }
        ]
      },
      "condition": "success()",
      "id": "f1e91e64-bfa8-405c-b964-46f6ee25b9cf",
      "name": "__run"
    }
  ],
  "variables": {
    "Actions.EnableHttpRedirects": {
      "value": "true"
    },
    "DistributedTask.AddWarningToNode12Action": {
      "value": "true"
    },
    "DistributedTask.AddWarningToNode16Action": {
      "value": "true"
    },
    "DistributedTask.AllowRunnerContainerHooks": {
      "value": "true"
    },
    "DistributedTask.DeprecateStepOutputCommands": {
      "value": "true"
    },
    "DistributedTask.DetailUntarFailure": {
      "value": "true"
    },
    "DistributedTask.EnableCompositeActions": {
      "value": "true"
    },
    "DistributedTask.EnableJobServerQueueTelemetry": {
      "value": "true"
    },
    "DistributedTask.EnhancedAnnotations": {
      "value": "true"
    },
    "DistributedTask.ForceGithubJavascriptActionsToNode16": {
      "value": "true"
    },
    "DistributedTask.ForceGithubJavascriptActionsToNode20": {
      "value": "true"
    },
    "DistributedTask.LogTemplateErrorsAsDebugMessages": {
      "value": "true"
    },
    "DistributedTask.MarkJobAsFailedOnWorkerCrash": {
      "value": "true"
    },
    "DistributedTask.NewActionMetadata": {
      "value": "true"
    },
    "DistributedTask.UploadStepSummary": {
      "value": "true"
    },
    "DistributedTask.UseActionArchiveCache": {
      "value": "true"
    },
    "DistributedTask.UseWhich2": {
      "value": "true"
    },
    "RunService.FixEmbeddedIssues": {
      "value": "true"
    },
    "actions_add_check_run_id_to_job_context": {
      "value": "false"
    },
    "actions_skip_retry_complete_job_upon_known_errors": {
      "value": "true"
    },
    "actions_uses_cache_service_v2": {
      "value": "true"
    },
    "github_token": {
      "value": "***",
      "isSecret": true
    },
    "system.from_run_service": {
      "value": "true"
    },
    "system.github.job": {
      "value": "test-run"
    },
    "system.github.launch_endpoint": {
      "value": "https://launch.actions.githubusercontent.com"
    },
    "system.github.results_endpoint": {
      "value": "https://results-receiver.actions.githubusercontent.com/"
    },
    "system.github.results_upload_with_sdk": {
      "value": "true"
    },
    "system.github.token": {
      "value": "***",
      "isSecret": true
    },
    "system.github.token.permissions": {
      "value": "{\"Contents\":\"read\",\"Metadata\":\"read\",\"Packages\":\"read\"}"
    },
    "system.orchestrationId": {
      "value": "7c44f55b-aa49-4025-a0ee-697fc9392f7b.test-run.__default"
    },
    "system.phaseDisplayName": {
      "value": "test-run"
    },
    "system.runner.lowdiskspacethreshold": {
      "value": "100"
    },
    "system.runnerEnvironment": {
      "value": "self-hosted"
    }
  },
  "messageType": "RunnerJobRequest",
  "plan": {
    "scopeIdentifier": "00000000-0000-0000-0000-000000000000",
    "planType": "actions",
    "version": 0,
    "planId": "7c44f55b-aa49-4025-a0ee-697fc9392f7b",
    "planGroup": null,
    "artifactUri": null,
    "artifactLocation": null,
    "definition": null,
    "owner": null
  },
  "timeline": {
    "id": "7c44f55b-aa49-4025-a0ee-697fc9392f7b",
    "changeId": 0,
    "location": null
  },
  "jobId": "b26fe6e4-cad3-5b74-8ddc-214e199ec371",
  "jobDisplayName": "test-run",
  "jobName": "__default",
  "requestId": 0,
  "lockedUntil": "0001-01-01T00:00:00",
  "resources": {
    "endpoints": [
      {
        "data": {
          "ServerId": "",
          "ServerName": "",
          "CacheServerUrl": "https://acghubeus2.actions.githubusercontent.com/ULVxKPgPHU7EOABJAwGsh1IX7XjRUgKGkn2vs0U5Xd91Ffxj2U/",
          "FeedStreamUrl": "wss://results-receiver.actions.githubusercontent.com/_ws/ingest.sock",
          "ResultsServiceUrl": "https://results-receiver.actions.githubusercontent.com/",
          "PipelinesServiceUrl": "https://pipelinesghubeus23.actions.githubusercontent.com/ULVxKPgPHU7EOABJAwGsh1IX7XjRUgKGkn2vs0U5Xd91Ffxj2U/",
          "GenerateIdTokenUrl": ""
        },
        "name": "SystemVssConnection",
        "url": "https://run-actions-2-azure-eastus.actions.githubusercontent.com/28/",
        "authorization": {
          "parameters": {
            "AccessToken": "***"
          },
          "scheme": "OAuth"
        },
        "isShared": false,
        "isReady": true
      }
    ]
  },
  "contextData": {
    "github": {
      "t": 2,
      "d": [
        {
          "k": "ref",
          "v": "refs/heads/master"
        },
        {
          "k": "sha",
          "v": "fb23e48936b77e063e40af128d2dbdcee24dbfc8"
        },
        {
          "k": "repository",
          "v": "espace2021/backend2024"
        },
        {
          "k": "repository_owner",
          "v": "espace2021"
        },
        {
          "k": "repository_owner_id",
          "v": "92257192"
        },
        {
          "k": "repositoryUrl",
          "v": "git://github.com/espace2021/backend2024.git"
        },
        {
          "k": "run_id",
          "v": "15207450498"
        },
        {
          "k": "run_number",
          "v": "1"
        },
        {
          "k": "retention_days",
          "v": "90"
        },
        {
          "k": "run_attempt",
          "v": "1"
        },
        {
          "k": "artifact_cache_size_limit",
          "v": "10"
        },
        {
          "k": "repository_visibility",
          "v": "public"
        },
        {
          "k": "actor_id",
          "v": "92257192"
        },
        {
          "k": "actor",
          "v": "espace2021"
        },
        {
          "k": "workflow",
          "v": "Test Self-Hosted Runner"
        },
        {
          "k": "head_ref",
          "v": ""
        },
        {
          "k": "base_ref",
          "v": ""
        },
        {
          "k": "event_name",
          "v": "workflow_dispatch"
        },
        {
          "k": "server_url",
          "v": "https://github.com"
        },
        {
          "k": "api_url",
          "v": "https://api.github.com"
        },
        {
          "k": "graphql_url",
          "v": "https://api.github.com/graphql"
        },
        {
          "k": "ref_name",
          "v": "master"
        },
        {
          "k": "ref_protected",
          "v": false
        },
        {
          "k": "ref_type",
          "v": "branch"
        },
        {
          "k": "secret_source",
          "v": "Actions"
        },
        {
          "k": "event",
          "v": {
            "t": 2,
            "d": [
              {
                "k": "inputs",
                "v": null
              },
              {
                "k": "ref",
                "v": "refs/heads/master"
              },
              {
                "k": "repository",
                "v": {
                  "t": 2,
                  "d": [
                    {
                      "k": "allow_forking",
                      "v": true
                    },
                    {
                      "k": "archive_url",
                      "v": "https://api.github.com/repos/espace2021/backend2024/{archive_format}{/ref}"
                    },
                    {
                      "k": "archived",
                      "v": false
                    },
                    {
                      "k": "assignees_url",
                      "v": "https://api.github.com/repos/espace2021/backend2024/assignees{/user}"
                    },
                    {
                      "k": "blobs_url",
                      "v": "https://api.github.com/repos/espace2021/backend2024/git/blobs{/sha}"
                    },
                    {
                      "k": "branches_url",
                      "v": "https://api.github.com/repos/espace2021/backend2024/branches{/branch}"
                    },
                    {
                      "k": "clone_url",
                      "v": "https://github.com/espace2021/backend2024.git"
                    },
                    {
                      "k": "collaborators_url",
                      "v": "https://api.github.com/repos/espace2021/backend2024/collaborators{/collaborator}"
                    },
                    {
                      "k": "comments_url",
                      "v": "https://api.github.com/repos/espace2021/backend2024/comments{/number}"
                    },
                    {
                      "k": "commits_url",
                      "v": "https://api.github.com/repos/espace2021/backend2024/commits{/sha}"
                    },
                    {
                      "k": "compare_url",
                      "v": "https://api.github.com/repos/espace2021/backend2024/compare/{base}...{head}"
                    },
                    {
                      "k": "contents_url",
                      "v": "https://api.github.com/repos/espace2021/backend2024/contents/{+path}"
                    },
                    {
                      "k": "contributors_url",
                      "v": "https://api.github.com/repos/espace2021/backend2024/contributors"
                    },
                    {
                      "k": "created_at",
                      "v": "2025-05-23T08:36:39Z"
                    },
                    {
                      "k": "default_branch",
                      "v": "master"
                    },
                    {
                      "k": "deployments_url",
                      "v": "https://api.github.com/repos/espace2021/backend2024/deployments"
                    },
                    {
                      "k": "description",
                      "v": null
                    },
                    {
                      "k": "disabled",
                      "v": false
                    },
                    {
                      "k": "downloads_url",
                      "v": "https://api.github.com/repos/espace2021/backend2024/downloads"
                    },
                    {
                      "k": "events_url",
                      "v": "https://api.github.com/repos/espace2021/backend2024/events"
                    },
                    {
                      "k": "fork",
                      "v": false
                    },
                    {
                      "k": "forks",
                      "v": 0.0
                    },
                    {
                      "k": "forks_count",
                      "v": 0.0
                    },
                    {
                      "k": "forks_url",
                      "v": "https://api.github.com/repos/espace2021/backend2024/forks"
                    },
                    {
                      "k": "full_name",
                      "v": "espace2021/backend2024"
                    },
                    {
                      "k": "git_commits_url",
                      "v": "https://api.github.com/repos/espace2021/backend2024/git/commits{/sha}"
                    },
                    {
                      "k": "git_refs_url",
                      "v": "https://api.github.com/repos/espace2021/backend2024/git/refs{/sha}"
                    },
                    {
                      "k": "git_tags_url",
                      "v": "https://api.github.com/repos/espace2021/backend2024/git/tags{/sha}"
                    },
                    {
                      "k": "git_url",
                      "v": "git://github.com/espace2021/backend2024.git"
                    },
                    {
                      "k": "has_discussions",
                      "v": false
                    },
                    {
                      "k": "has_downloads",
                      "v": true
                    },
                    {
                      "k": "has_issues",
                      "v": true
                    },
                    {
                      "k": "has_pages",
                      "v": false
                    },
                    {
                      "k": "has_projects",
                      "v": true
                    },
                    {
                      "k": "has_wiki",
                      "v": true
                    },
                    {
                      "k": "homepage",
                      "v": null
                    },
                    {
                      "k": "hooks_url",
                      "v": "https://api.github.com/repos/espace2021/backend2024/hooks"
                    },
                    {
                      "k": "html_url",
                      "v": "https://github.com/espace2021/backend2024"
                    },
                    {
                      "k": "id",
                      "v": 988895572.0
                    },
                    {
                      "k": "is_template",
                      "v": false
                    },
                    {
                      "k": "issue_comment_url",
                      "v": "https://api.github.com/repos/espace2021/backend2024/issues/comments{/number}"
                    },
                    {
                      "k": "issue_events_url",
                      "v": "https://api.github.com/repos/espace2021/backend2024/issues/events{/number}"
                    },
                    {
                      "k": "issues_url",
                      "v": "https://api.github.com/repos/espace2021/backend2024/issues{/number}"
                    },
                    {
                      "k": "keys_url",
                      "v": "https://api.github.com/repos/espace2021/backend2024/keys{/key_id}"
                    },
                    {
                      "k": "labels_url",
                      "v": "https://api.github.com/repos/espace2021/backend2024/labels{/name}"
                    },
                    {
                      "k": "language",
                      "v": "JavaScript"
                    },
                    {
                      "k": "languages_url",
                      "v": "https://api.github.com/repos/espace2021/backend2024/languages"
                    },
                    {
                      "k": "license",
                      "v": null
                    },
                    {
                      "k": "merges_url",
                      "v": "https://api.github.com/repos/espace2021/backend2024/merges"
                    },
                    {
                      "k": "milestones_url",
                      "v": "https://api.github.com/repos/espace2021/backend2024/milestones{/number}"
                    },
                    {
                      "k": "mirror_url",
                      "v": null
                    },
                    {
                      "k": "name",
                      "v": "backend2024"
                    },
                    {
                      "k": "node_id",
                      "v": "R_kgDOOvFZVA"
                    },
                    {
                      "k": "notifications_url",
                      "v": "https://api.github.com/repos/espace2021/backend2024/notifications{?since,all,participating}"
                    },
                    {
                      "k": "open_issues",
                      "v": 0.0
                    },
                    {
                      "k": "open_issues_count",
                      "v": 0.0
                    },
                    {
                      "k": "owner",
                      "v": {
                        "t": 2,
                        "d": [
                          {
                            "k": "avatar_url",
                            "v": "https://avatars.githubusercontent.com/u/92257192?v=4"
                          },
                          {
                            "k": "events_url",
                            "v": "https://api.github.com/users/espace2021/events{/privacy}"
                          },
                          {
                            "k": "followers_url",
                            "v": "https://api.github.com/users/espace2021/followers"
                          },
                          {
                            "k": "following_url",
                            "v": "https://api.github.com/users/espace2021/following{/other_user}"
                          },
                          {
                            "k": "gists_url",
                            "v": "https://api.github.com/users/espace2021/gists{/gist_id}"
                          },
                          {
                            "k": "gravatar_id",
                            "v": ""
                          },
                          {
                            "k": "html_url",
                            "v": "https://github.com/espace2021"
                          },
                          {
                            "k": "id",
                            "v": 92257192.0
                          },
                          {
                            "k": "login",
                            "v": "espace2021"
                          },
                          {
                            "k": "node_id",
                            "v": "U_kgDOBX-7qA"
                          },
                          {
                            "k": "organizations_url",
                            "v": "https://api.github.com/users/espace2021/orgs"
                          },
                          {
                            "k": "received_events_url",
                            "v": "https://api.github.com/users/espace2021/received_events"
                          },
                          {
                            "k": "repos_url",
                            "v": "https://api.github.com/users/espace2021/repos"
                          },
                          {
                            "k": "site_admin",
                            "v": false
                          },
                          {
                            "k": "starred_url",
                            "v": "https://api.github.com/users/espace2021/starred{/owner}{/repo}"
                          },
                          {
                            "k": "subscriptions_url",
                            "v": "https://api.github.com/users/espace2021/subscriptions"
                          },
                          {
                            "k": "type",
                            "v": "User"
                          },
                          {
                            "k": "url",
                            "v": "https://api.github.com/users/espace2021"
                          },
                          {
                            "k": "user_view_type",
                            "v": "public"
                          }
                        ]
                      }
                    },
                    {
                      "k": "private",
                      "v": false
                    },
                    {
                      "k": "pulls_url",
                      "v": "https://api.github.com/repos/espace2021/backend2024/pulls{/number}"
                    },
                    {
                      "k": "pushed_at",
                      "v": "2025-05-23T09:45:39Z"
                    },
                    {
                      "k": "releases_url",
                      "v": "https://api.github.com/repos/espace2021/backend2024/releases{/id}"
                    },
                    {
                      "k": "size",
                      "v": 52.0
                    },
                    {
                      "k": "ssh_url",
                      "v": "git@github.com:espace2021/backend2024.git"
                    },
                    {
                      "k": "stargazers_count",
                      "v": 0.0
                    },
                    {
                      "k": "stargazers_url",
                      "v": "https://api.github.com/repos/espace2021/backend2024/stargazers"
                    },
                    {
                      "k": "statuses_url",
                      "v": "https://api.github.com/repos/espace2021/backend2024/statuses/{sha}"
                    },
                    {
                      "k": "subscribers_url",
                      "v": "https://api.github.com/repos/espace2021/backend2024/subscribers"
                    },
                    {
                      "k": "subscription_url",
                      "v": "https://api.github.com/repos/espace2021/backend2024/subscription"
                    },
                    {
                      "k": "svn_url",
                      "v": "https://github.com/espace2021/backend2024"
                    },
                    {
                      "k": "tags_url",
                      "v": "https://api.github.com/repos/espace2021/backend2024/tags"
                    },
                    {
                      "k": "teams_url",
                      "v": "https://api.github.com/repos/espace2021/backend2024/teams"
                    },
                    {
                      "k": "topics",
                      "v": {
                        "t": 1
                      }
                    },
                    {
                      "k": "trees_url",
                      "v": "https://api.github.com/repos/espace2021/backend2024/git/trees{/sha}"
                    },
                    {
                      "k": "updated_at",
                      "v": "2025-05-23T09:45:47Z"
                    },
                    {
                      "k": "url",
                      "v": "https://api.github.com/repos/espace2021/backend2024"
                    },
                    {
                      "k": "visibility",
                      "v": "public"
                    },
                    {
                      "k": "watchers",
                      "v": 0.0
                    },
                    {
                      "k": "watchers_count",
                      "v": 0.0
                    },
                    {
                      "k": "web_commit_signoff_required",
                      "v": false
                    }
                  ]
                }
              },
              {
                "k": "sender",
                "v": {
                  "t": 2,
                  "d": [
                    {
                      "k": "avatar_url",
                      "v": "https://avatars.githubusercontent.com/u/92257192?v=4"
                    },
                    {
                      "k": "events_url",
                      "v": "https://api.github.com/users/espace2021/events{/privacy}"
                    },
                    {
                      "k": "followers_url",
                      "v": "https://api.github.com/users/espace2021/followers"
                    },
                    {
                      "k": "following_url",
                      "v": "https://api.github.com/users/espace2021/following{/other_user}"
                    },
                    {
                      "k": "gists_url",
                      "v": "https://api.github.com/users/espace2021/gists{/gist_id}"
                    },
                    {
                      "k": "gravatar_id",
                      "v": ""
                    },
                    {
                      "k": "html_url",
                      "v": "https://github.com/espace2021"
                    },
                    {
                      "k": "id",
                      "v": 92257192.0
                    },
                    {
                      "k": "login",
                      "v": "espace2021"
                    },
                    {
                      "k": "node_id",
                      "v": "U_kgDOBX-7qA"
                    },
                    {
                      "k": "organizations_url",
                      "v": "https://api.github.com/users/espace2021/orgs"
                    },
                    {
                      "k": "received_events_url",
                      "v": "https://api.github.com/users/espace2021/received_events"
                    },
                    {
                      "k": "repos_url",
                      "v": "https://api.github.com/users/espace2021/repos"
                    },
                    {
                      "k": "site_admin",
                      "v": false
                    },
                    {
                      "k": "starred_url",
                      "v": "https://api.github.com/users/espace2021/starred{/owner}{/repo}"
                    },
                    {
                      "k": "subscriptions_url",
                      "v": "https://api.github.com/users/espace2021/subscriptions"
                    },
                    {
                      "k": "type",
                      "v": "User"
                    },
                    {
                      "k": "url",
                      "v": "https://api.github.com/users/espace2021"
                    },
                    {
                      "k": "user_view_type",
                      "v": "public"
                    }
                  ]
                }
              },
              {
                "k": "workflow",
                "v": ".github/workflows/test-runner.yml"
              }
            ]
          }
        },
        {
          "k": "workflow_ref",
          "v": "espace2021/backend2024/.github/workflows/test-runner.yml@refs/heads/master"
        },
        {
          "k": "workflow_sha",
          "v": "fb23e48936b77e063e40af128d2dbdcee24dbfc8"
        },
        {
          "k": "repository_id",
          "v": "988895572"
        },
        {
          "k": "triggering_actor",
          "v": "espace2021"
        }
      ]
    },
    "inputs": {
      "t": 2
    },
    "matrix": null,
    "needs": {
      "t": 2
    },
    "strategy": {
      "t": 2,
      "d": [
        {
          "k": "fail-fast",
          "v": true
        },
        {
          "k": "job-index",
          "v": 0.0
        },
        {
          "k": "job-total",
          "v": 1.0
        },
        {
          "k": "max-parallel",
          "v": 1.0
        }
      ]
    },
    "vars": {
      "t": 2
    }
  },
  "billingOwnerId": "U_kgDOBX-7qA"
}
[2025-05-23 09:50:44Z INFO JobRunner] Job ID b26fe6e4-cad3-5b74-8ddc-214e199ec371
[2025-05-23 09:50:44Z INFO ConfigurationStore] currentAssemblyLocation: D:\Sandra\MERN\2024\backend\actions-runner\bin\Runner.Worker.dll
[2025-05-23 09:50:44Z INFO HostContext] Well known directory 'Bin': 'D:\Sandra\MERN\2024\backend\actions-runner\bin'
[2025-05-23 09:50:44Z INFO ConfigurationStore] binPath: D:\Sandra\MERN\2024\backend\actions-runner\bin
[2025-05-23 09:50:44Z INFO HostContext] Well known directory 'Bin': 'D:\Sandra\MERN\2024\backend\actions-runner\bin'
[2025-05-23 09:50:44Z INFO HostContext] Well known directory 'Root': 'D:\Sandra\MERN\2024\backend\actions-runner'
[2025-05-23 09:50:44Z INFO ConfigurationStore] RootFolder: D:\Sandra\MERN\2024\backend\actions-runner
[2025-05-23 09:50:44Z INFO HostContext] Well known directory 'Bin': 'D:\Sandra\MERN\2024\backend\actions-runner\bin'
[2025-05-23 09:50:44Z INFO HostContext] Well known directory 'Root': 'D:\Sandra\MERN\2024\backend\actions-runner'
[2025-05-23 09:50:44Z INFO HostContext] Well known config file 'Runner': 'D:\Sandra\MERN\2024\backend\actions-runner\.runner'
[2025-05-23 09:50:44Z INFO ConfigurationStore] ConfigFilePath: D:\Sandra\MERN\2024\backend\actions-runner\.runner
[2025-05-23 09:50:44Z INFO HostContext] Well known directory 'Bin': 'D:\Sandra\MERN\2024\backend\actions-runner\bin'
[2025-05-23 09:50:44Z INFO HostContext] Well known directory 'Root': 'D:\Sandra\MERN\2024\backend\actions-runner'
[2025-05-23 09:50:44Z INFO HostContext] Well known config file 'MigratedRunner': 'D:\Sandra\MERN\2024\backend\actions-runner\.runner_migrated'
[2025-05-23 09:50:44Z INFO ConfigurationStore] MigratedConfigFilePath: D:\Sandra\MERN\2024\backend\actions-runner\.runner_migrated
[2025-05-23 09:50:44Z INFO HostContext] Well known directory 'Bin': 'D:\Sandra\MERN\2024\backend\actions-runner\bin'
[2025-05-23 09:50:44Z INFO HostContext] Well known directory 'Root': 'D:\Sandra\MERN\2024\backend\actions-runner'
[2025-05-23 09:50:44Z INFO HostContext] Well known config file 'Credentials': 'D:\Sandra\MERN\2024\backend\actions-runner\.credentials'
[2025-05-23 09:50:44Z INFO ConfigurationStore] CredFilePath: D:\Sandra\MERN\2024\backend\actions-runner\.credentials
[2025-05-23 09:50:44Z INFO HostContext] Well known directory 'Bin': 'D:\Sandra\MERN\2024\backend\actions-runner\bin'
[2025-05-23 09:50:44Z INFO HostContext] Well known directory 'Root': 'D:\Sandra\MERN\2024\backend\actions-runner'
[2025-05-23 09:50:44Z INFO HostContext] Well known config file 'MigratedCredentials': 'D:\Sandra\MERN\2024\backend\actions-runner\.credentials_migrated'
[2025-05-23 09:50:44Z INFO ConfigurationStore] MigratedCredFilePath: D:\Sandra\MERN\2024\backend\actions-runner\.credentials_migrated
[2025-05-23 09:50:44Z INFO HostContext] Well known directory 'Bin': 'D:\Sandra\MERN\2024\backend\actions-runner\bin'
[2025-05-23 09:50:44Z INFO HostContext] Well known directory 'Root': 'D:\Sandra\MERN\2024\backend\actions-runner'
[2025-05-23 09:50:44Z INFO HostContext] Well known config file 'Service': 'D:\Sandra\MERN\2024\backend\actions-runner\.service'
[2025-05-23 09:50:44Z INFO ConfigurationStore] ServiceConfigFilePath: D:\Sandra\MERN\2024\backend\actions-runner\.service
[2025-05-23 09:50:44Z INFO ConfigurationStore] Read setting file: 303 chars
[2025-05-23 09:50:44Z INFO JobRunner] Initializing launch client
[2025-05-23 09:50:44Z INFO JobServerQueue] Initializing results client
[2025-05-23 09:50:44Z INFO ResultServer] Creating websocket client ...wss://results-receiver.actions.githubusercontent.com/_ws/ingest.sock
[2025-05-23 09:50:44Z INFO ResultServer] Attempting to start websocket client with delay 00:00:00.
[2025-05-23 09:50:44Z INFO JobServerQueue] Start process web console line queue.
[2025-05-23 09:50:44Z INFO JobServerQueue] Start process file upload queue.
[2025-05-23 09:50:44Z INFO JobServerQueue] Start results file upload queue.
[2025-05-23 09:50:44Z INFO JobServerQueue] Starting results-based upload queue...
[2025-05-23 09:50:44Z INFO JobServerQueue] Start process timeline update queue.
[2025-05-23 09:50:44Z INFO ExecutionContext] Initializing Job context
[2025-05-23 09:50:44Z INFO ExecutionContext] Initialize GitHub context
[2025-05-23 09:50:44Z INFO ExecutionContext] Initialize Env context
[2025-05-23 09:50:44Z INFO HostContext] Well known directory 'Bin': 'D:\Sandra\MERN\2024\backend\actions-runner\bin'
[2025-05-23 09:50:44Z INFO HostContext] Well known directory 'Root': 'D:\Sandra\MERN\2024\backend\actions-runner'
[2025-05-23 09:50:44Z INFO HostContext] Well known directory 'Diag': 'D:\Sandra\MERN\2024\backend\actions-runner\_diag'
[2025-05-23 09:50:44Z INFO HostContext] Well known directory 'Bin': 'D:\Sandra\MERN\2024\backend\actions-runner\bin'
[2025-05-23 09:50:44Z INFO HostContext] Well known directory 'Root': 'D:\Sandra\MERN\2024\backend\actions-runner'
[2025-05-23 09:50:44Z INFO HostContext] Well known directory 'Diag': 'D:\Sandra\MERN\2024\backend\actions-runner\_diag'
[2025-05-23 09:50:44Z INFO JobRunner] Starting the job execution context.
[2025-05-23 09:50:44Z INFO HostContext] Well known directory 'Bin': 'D:\Sandra\MERN\2024\backend\actions-runner\bin'
[2025-05-23 09:50:44Z INFO HostContext] Well known directory 'Root': 'D:\Sandra\MERN\2024\backend\actions-runner'
[2025-05-23 09:50:44Z INFO HostContext] Well known directory 'Work': 'D:\Sandra\MERN\2024\backend\actions-runner\_work'
[2025-05-23 09:50:44Z INFO JobRunner] Validating directory permissions for: 'D:\Sandra\MERN\2024\backend\actions-runner\_work'
[2025-05-23 09:50:44Z INFO HostContext] Well known directory 'Bin': 'D:\Sandra\MERN\2024\backend\actions-runner\bin'
[2025-05-23 09:50:44Z INFO HostContext] Well known directory 'Root': 'D:\Sandra\MERN\2024\backend\actions-runner'
[2025-05-23 09:50:44Z INFO HostContext] Well known directory 'Work': 'D:\Sandra\MERN\2024\backend\actions-runner\_work'
[2025-05-23 09:50:44Z INFO HostContext] Well known directory 'Tools': 'D:\Sandra\MERN\2024\backend\actions-runner\_work\_tool'
[2025-05-23 09:50:44Z INFO HostContext] Well known directory 'Bin': 'D:\Sandra\MERN\2024\backend\actions-runner\bin'
[2025-05-23 09:50:44Z INFO HostContext] Well known directory 'Root': 'D:\Sandra\MERN\2024\backend\actions-runner'
[2025-05-23 09:50:44Z INFO HostContext] Well known directory 'Work': 'D:\Sandra\MERN\2024\backend\actions-runner\_work'
[2025-05-23 09:50:44Z INFO HostContext] Well known directory 'Temp': 'D:\Sandra\MERN\2024\backend\actions-runner\_work\_temp'
[2025-05-23 09:50:44Z INFO JobRunner] Getting job extension.
[2025-05-23 09:50:44Z INFO JobRunner] Initialize job. Getting all job steps.
[2025-05-23 09:50:44Z INFO HostContext] Well known directory 'Bin': 'D:\Sandra\MERN\2024\backend\actions-runner\bin'
[2025-05-23 09:50:44Z INFO HostContext] Well known directory 'Root': 'D:\Sandra\MERN\2024\backend\actions-runner'
[2025-05-23 09:50:44Z INFO HostContext] Well known directory 'Diag': 'D:\Sandra\MERN\2024\backend\actions-runner\_diag'
[2025-05-23 09:50:44Z INFO HostContext] Well known directory 'Bin': 'D:\Sandra\MERN\2024\backend\actions-runner\bin'
[2025-05-23 09:50:44Z INFO HostContext] Well known directory 'Root': 'D:\Sandra\MERN\2024\backend\actions-runner'
[2025-05-23 09:50:44Z INFO HostContext] Well known directory 'Diag': 'D:\Sandra\MERN\2024\backend\actions-runner\_diag'
[2025-05-23 09:50:44Z INFO HostContext] Well known directory 'Bin': 'D:\Sandra\MERN\2024\backend\actions-runner\bin'
[2025-05-23 09:50:44Z INFO HostContext] Well known directory 'Root': 'D:\Sandra\MERN\2024\backend\actions-runner'
[2025-05-23 09:50:44Z INFO HostContext] Well known config file 'Credentials': 'D:\Sandra\MERN\2024\backend\actions-runner\.credentials'
[2025-05-23 09:50:44Z INFO HostContext] Well known directory 'Bin': 'D:\Sandra\MERN\2024\backend\actions-runner\bin'
[2025-05-23 09:50:44Z INFO HostContext] Well known directory 'Root': 'D:\Sandra\MERN\2024\backend\actions-runner'
[2025-05-23 09:50:44Z INFO HostContext] Well known config file 'SetupInfo': 'D:\Sandra\MERN\2024\backend\actions-runner\.setup_info'
[2025-05-23 09:50:44Z INFO HostContext] Well known directory 'Bin': 'D:\Sandra\MERN\2024\backend\actions-runner\bin'
[2025-05-23 09:50:44Z INFO HostContext] Well known directory 'Root': 'D:\Sandra\MERN\2024\backend\actions-runner'
[2025-05-23 09:50:44Z INFO HostContext] Well known directory 'Work': 'D:\Sandra\MERN\2024\backend\actions-runner\_work'
[2025-05-23 09:50:44Z INFO PipelineDirectoryManager] Loading tracking config if exists: D:\Sandra\MERN\2024\backend\actions-runner\_work\_PipelineMapping\espace2021/backend2024\PipelineFolder.json
[2025-05-23 09:50:44Z INFO PipelineDirectoryManager] Creating a new tracking config file.
[2025-05-23 09:50:44Z INFO HostContext] Well known directory 'Bin': 'D:\Sandra\MERN\2024\backend\actions-runner\bin'
[2025-05-23 09:50:44Z INFO HostContext] Well known directory 'Root': 'D:\Sandra\MERN\2024\backend\actions-runner'
[2025-05-23 09:50:44Z INFO HostContext] Well known directory 'Work': 'D:\Sandra\MERN\2024\backend\actions-runner\_work'
[2025-05-23 09:50:44Z INFO PipelineDirectoryManager] Creating pipeline directory.
[2025-05-23 09:50:44Z INFO HostContext] Well known directory 'Bin': 'D:\Sandra\MERN\2024\backend\actions-runner\bin'
[2025-05-23 09:50:44Z INFO HostContext] Well known directory 'Root': 'D:\Sandra\MERN\2024\backend\actions-runner'
[2025-05-23 09:50:44Z INFO HostContext] Well known directory 'Work': 'D:\Sandra\MERN\2024\backend\actions-runner\_work'
[2025-05-23 09:50:44Z INFO PipelineDirectoryManager] Creating workspace directory.
[2025-05-23 09:50:44Z INFO HostContext] Well known directory 'Bin': 'D:\Sandra\MERN\2024\backend\actions-runner\bin'
[2025-05-23 09:50:44Z INFO HostContext] Well known directory 'Root': 'D:\Sandra\MERN\2024\backend\actions-runner'
[2025-05-23 09:50:44Z INFO HostContext] Well known directory 'Work': 'D:\Sandra\MERN\2024\backend\actions-runner\_work'
[2025-05-23 09:50:44Z INFO JobExtension] Downloading actions
[2025-05-23 09:50:44Z INFO HostContext] Well known directory 'Bin': 'D:\Sandra\MERN\2024\backend\actions-runner\bin'
[2025-05-23 09:50:44Z INFO HostContext] Well known directory 'Root': 'D:\Sandra\MERN\2024\backend\actions-runner'
[2025-05-23 09:50:44Z INFO HostContext] Well known directory 'Work': 'D:\Sandra\MERN\2024\backend\actions-runner\_work'
[2025-05-23 09:50:44Z INFO HostContext] Well known directory 'Actions': 'D:\Sandra\MERN\2024\backend\actions-runner\_work\_actions'
[2025-05-23 09:50:44Z INFO JobExtension] Adding .
[2025-05-23 09:50:44Z INFO HostContext] Well known directory 'Bin': 'D:\Sandra\MERN\2024\backend\actions-runner\bin'
[2025-05-23 09:50:44Z INFO HostContext] Well known directory 'Root': 'D:\Sandra\MERN\2024\backend\actions-runner'
[2025-05-23 09:50:44Z INFO HostContext] Well known directory 'Diag': 'D:\Sandra\MERN\2024\backend\actions-runner\_diag'
[2025-05-23 09:50:44Z INFO HostContext] Well known directory 'Bin': 'D:\Sandra\MERN\2024\backend\actions-runner\bin'
[2025-05-23 09:50:44Z INFO HostContext] Well known directory 'Root': 'D:\Sandra\MERN\2024\backend\actions-runner'
[2025-05-23 09:50:44Z INFO HostContext] Well known directory 'Diag': 'D:\Sandra\MERN\2024\backend\actions-runner\_diag'
[2025-05-23 09:50:44Z INFO JobExtension] Total accessible running process: 276.
[2025-05-23 09:50:44Z INFO HostContext] Well known directory 'Bin': 'D:\Sandra\MERN\2024\backend\actions-runner\bin'
[2025-05-23 09:50:44Z INFO HostContext] Well known directory 'Root': 'D:\Sandra\MERN\2024\backend\actions-runner'
[2025-05-23 09:50:44Z INFO HostContext] Well known directory 'Work': 'D:\Sandra\MERN\2024\backend\actions-runner\_work'
[2025-05-23 09:50:44Z INFO JobExtension] Start checking service connectivity in background.
[2025-05-23 09:50:44Z INFO ExecutionContext] Publish step telemetry for current step {
  "action": "setup_job",
  "type": "runner",
  "stage": "Pre",
  "stepId": "60d974ab-23c4-45e0-b60f-e878ddb9f2d0",
  "result": "succeeded",
  "errorMessages": [],
  "executionTimeInSeconds": 1,
  "startTime": "2025-05-23T09:50:44.8635246Z",
  "finishTime": "2025-05-23T09:50:44.947274Z"
}.
[2025-05-23 09:50:44Z INFO JobRunner] Total job steps: 1.
[2025-05-23 09:50:44Z INFO JobRunner] Run all job steps.
[2025-05-23 09:50:44Z INFO StepsRunner] Processing step: DisplayName='Afficher un message'
[2025-05-23 09:50:44Z INFO StepsRunner] Evaluating: success()
[2025-05-23 09:50:44Z INFO StepsRunner] Result: true
[2025-05-23 09:50:44Z INFO StepsRunner] Starting the step.
[2025-05-23 09:50:44Z INFO HostContext] Well known directory 'Bin': 'D:\Sandra\MERN\2024\backend\actions-runner\bin'
[2025-05-23 09:50:44Z INFO HostContext] Well known directory 'Root': 'D:\Sandra\MERN\2024\backend\actions-runner'
[2025-05-23 09:50:44Z INFO HostContext] Well known directory 'Work': 'D:\Sandra\MERN\2024\backend\actions-runner\_work'
[2025-05-23 09:50:44Z INFO StepsRunner] Which2: 'chcp'
[2025-05-23 09:50:44Z INFO StepsRunner] Location: 'C:\windows\system32\chcp.COM'
[2025-05-23 09:50:44Z INFO ProcessInvokerWrapper] Starting process:
[2025-05-23 09:50:44Z INFO ProcessInvokerWrapper]   File name: 'C:\windows\system32\chcp.COM'
[2025-05-23 09:50:44Z INFO ProcessInvokerWrapper]   Arguments: '65001'
[2025-05-23 09:50:44Z INFO ProcessInvokerWrapper]   Working directory: 'D:\Sandra\MERN\2024\backend\actions-runner\_work'
[2025-05-23 09:50:44Z INFO ProcessInvokerWrapper]   Require exit code zero: 'False'
[2025-05-23 09:50:44Z INFO ProcessInvokerWrapper]   Encoding web name:  ; code page: ''
[2025-05-23 09:50:44Z INFO ProcessInvokerWrapper]   Force kill process on cancellation: 'False'
[2025-05-23 09:50:44Z INFO ProcessInvokerWrapper]   Redirected STDIN: 'False'
[2025-05-23 09:50:44Z INFO ProcessInvokerWrapper]   Persist current code page: 'True'
[2025-05-23 09:50:44Z INFO ProcessInvokerWrapper]   Keep redirected STDIN open: 'False'
[2025-05-23 09:50:44Z INFO ProcessInvokerWrapper]   High priority process: 'False'
[2025-05-23 09:50:45Z INFO ProcessInvokerWrapper] Process started with process id 9600, waiting for process exit.
[2025-05-23 09:50:45Z INFO Worker] Listening for cancel message from the channel.
[2025-05-23 09:50:45Z INFO Worker] Waiting for the job to complete or for a cancel message from the channel.
[2025-05-23 09:50:45Z INFO ProcessInvokerWrapper] STDOUT/STDERR stream read finished.
[2025-05-23 09:50:45Z INFO ProcessInvokerWrapper] STDOUT/STDERR stream read finished.
[2025-05-23 09:50:45Z INFO ProcessInvokerWrapper] Finished process 9600 with exit code 0, and elapsed time 00:00:00.1296961.
[2025-05-23 09:50:45Z INFO StepsRunner] Successfully returned to code page 65001 (UTF8)
[2025-05-23 09:50:45Z INFO HostContext] Well known directory 'Bin': 'D:\Sandra\MERN\2024\backend\actions-runner\bin'
[2025-05-23 09:50:45Z INFO HostContext] Well known directory 'Root': 'D:\Sandra\MERN\2024\backend\actions-runner'
[2025-05-23 09:50:45Z INFO HostContext] Well known directory 'Work': 'D:\Sandra\MERN\2024\backend\actions-runner\_work'
[2025-05-23 09:50:45Z INFO HostContext] Well known directory 'Temp': 'D:\Sandra\MERN\2024\backend\actions-runner\_work\_temp'
[2025-05-23 09:50:45Z INFO ExecutionContext] Write event payload to D:\Sandra\MERN\2024\backend\actions-runner\_work\_temp\_github_workflow\event.json
[2025-05-23 09:50:45Z INFO HostContext] Well known directory 'Bin': 'D:\Sandra\MERN\2024\backend\actions-runner\bin'
[2025-05-23 09:50:45Z INFO HostContext] Well known directory 'Root': 'D:\Sandra\MERN\2024\backend\actions-runner'
[2025-05-23 09:50:45Z INFO HostContext] Well known directory 'Work': 'D:\Sandra\MERN\2024\backend\actions-runner\_work'
[2025-05-23 09:50:45Z INFO HostContext] Well known directory 'Temp': 'D:\Sandra\MERN\2024\backend\actions-runner\_work\_temp'
[2025-05-23 09:50:45Z INFO ExtensionManager] Getting extensions for interface: 'GitHub.Runner.Worker.IFileCommandExtension'
[2025-05-23 09:50:45Z INFO ExtensionManager] Creating instance: GitHub.Runner.Worker.AddPathFileCommand, Runner.Worker
[2025-05-23 09:50:45Z INFO ExtensionManager] Creating instance: GitHub.Runner.Worker.SetEnvFileCommand, Runner.Worker
[2025-05-23 09:50:45Z INFO ExtensionManager] Creating instance: GitHub.Runner.Worker.CreateStepSummaryCommand, Runner.Worker
[2025-05-23 09:50:45Z INFO ExtensionManager] Creating instance: GitHub.Runner.Worker.SaveStateFileCommand, Runner.Worker
[2025-05-23 09:50:45Z INFO ExtensionManager] Creating instance: GitHub.Runner.Worker.SetOutputFileCommand, Runner.Worker
[2025-05-23 09:50:45Z INFO ExtensionManager] Getting extensions for interface: 'GitHub.Runner.Worker.IActionCommandExtension'
[2025-05-23 09:50:45Z INFO ExtensionManager] Creating instance: GitHub.Runner.Worker.InternalPluginSetRepoPathCommandExtension, Runner.Worker
[2025-05-23 09:50:45Z INFO ExtensionManager] Creating instance: GitHub.Runner.Worker.SetEnvCommandExtension, Runner.Worker
[2025-05-23 09:50:45Z INFO ExtensionManager] Creating instance: GitHub.Runner.Worker.SetOutputCommandExtension, Runner.Worker
[2025-05-23 09:50:45Z INFO ExtensionManager] Creating instance: GitHub.Runner.Worker.SaveStateCommandExtension, Runner.Worker
[2025-05-23 09:50:45Z INFO ExtensionManager] Creating instance: GitHub.Runner.Worker.AddPathCommandExtension, Runner.Worker
[2025-05-23 09:50:45Z INFO ExtensionManager] Creating instance: GitHub.Runner.Worker.AddMaskCommandExtension, Runner.Worker
[2025-05-23 09:50:45Z INFO ExtensionManager] Creating instance: GitHub.Runner.Worker.AddMatcherCommandExtension, Runner.Worker
[2025-05-23 09:50:45Z INFO ExtensionManager] Creating instance: GitHub.Runner.Worker.RemoveMatcherCommandExtension, Runner.Worker
[2025-05-23 09:50:45Z INFO ExtensionManager] Creating instance: GitHub.Runner.Worker.WarningCommandExtension, Runner.Worker
[2025-05-23 09:50:45Z INFO ExtensionManager] Creating instance: GitHub.Runner.Worker.ErrorCommandExtension, Runner.Worker
[2025-05-23 09:50:45Z INFO ExtensionManager] Creating instance: GitHub.Runner.Worker.NoticeCommandExtension, Runner.Worker
[2025-05-23 09:50:45Z INFO ExtensionManager] Creating instance: GitHub.Runner.Worker.DebugCommandExtension, Runner.Worker
[2025-05-23 09:50:45Z INFO ExtensionManager] Creating instance: GitHub.Runner.Worker.GroupCommandExtension, Runner.Worker
[2025-05-23 09:50:45Z INFO ExtensionManager] Creating instance: GitHub.Runner.Worker.EndGroupCommandExtension, Runner.Worker
[2025-05-23 09:50:45Z INFO ExtensionManager] Creating instance: GitHub.Runner.Worker.EchoCommandExtension, Runner.Worker
[2025-05-23 09:50:45Z INFO ActionCommandManager] Register action command extension for command internal-set-repo-path
[2025-05-23 09:50:45Z INFO ActionCommandManager] Register action command extension for command set-env
[2025-05-23 09:50:45Z INFO ActionCommandManager] Register action command extension for command set-output
[2025-05-23 09:50:45Z INFO ActionCommandManager] Register action command extension for command save-state
[2025-05-23 09:50:45Z INFO ActionCommandManager] Register action command extension for command add-path
[2025-05-23 09:50:45Z INFO ActionCommandManager] Register action command extension for command add-mask
[2025-05-23 09:50:45Z INFO ActionCommandManager] Register action command extension for command add-matcher
[2025-05-23 09:50:45Z INFO ActionCommandManager] Register action command extension for command remove-matcher
[2025-05-23 09:50:45Z INFO ActionCommandManager] Register action command extension for command warning
[2025-05-23 09:50:45Z INFO ActionCommandManager] Register action command extension for command error
[2025-05-23 09:50:45Z INFO ActionCommandManager] Register action command extension for command notice
[2025-05-23 09:50:45Z INFO ActionCommandManager] Register action command extension for command debug
[2025-05-23 09:50:45Z INFO ActionCommandManager] Register action command extension for command group
[2025-05-23 09:50:45Z INFO ActionCommandManager] Register action command extension for command endgroup
[2025-05-23 09:50:45Z INFO ActionCommandManager] Register action command extension for command echo
[2025-05-23 09:50:45Z INFO ScriptHandler] Which2: 'pwsh'
[2025-05-23 09:50:45Z INFO ScriptHandler] pwsh: command not found. Make sure 'pwsh' is installed and its location included in the 'Path' environment variable.
[2025-05-23 09:50:45Z INFO ScriptHandler] Defaulting to powershell
[2025-05-23 09:50:45Z INFO ScriptHandler] Which2: 'powershell'
[2025-05-23 09:50:45Z INFO ScriptHandler] Location: 'C:\windows\System32\WindowsPowerShell\v1.0\powershell.EXE'
[2025-05-23 09:50:45Z INFO HostContext] Well known directory 'Bin': 'D:\Sandra\MERN\2024\backend\actions-runner\bin'
[2025-05-23 09:50:45Z INFO HostContext] Well known directory 'Root': 'D:\Sandra\MERN\2024\backend\actions-runner'
[2025-05-23 09:50:45Z INFO HostContext] Well known directory 'Work': 'D:\Sandra\MERN\2024\backend\actions-runner\_work'
[2025-05-23 09:50:45Z INFO HostContext] Well known directory 'Temp': 'D:\Sandra\MERN\2024\backend\actions-runner\_work\_temp'
[2025-05-23 09:50:45Z INFO ScriptHandler] Which2: 'pwsh'
[2025-05-23 09:50:45Z INFO ScriptHandler] pwsh: command not found. Make sure 'pwsh' is installed and its location included in the 'Path' environment variable.
[2025-05-23 09:50:45Z INFO ScriptHandler] Defaulting to powershell
[2025-05-23 09:50:45Z INFO ScriptHandler] Which2: 'powershell'
[2025-05-23 09:50:45Z INFO ScriptHandler] Location: 'C:\windows\System32\WindowsPowerShell\v1.0\powershell.EXE'
[2025-05-23 09:50:45Z INFO ProcessInvokerWrapper] Starting process:
[2025-05-23 09:50:45Z INFO ProcessInvokerWrapper]   File name: 'C:\windows\System32\WindowsPowerShell\v1.0\powershell.EXE'
[2025-05-23 09:50:45Z INFO ProcessInvokerWrapper]   Arguments: '-command ". 'D:\Sandra\MERN\2024\backend\actions-runner\_work\_temp\908e2c4d-48ad-4399-849a-89f77605506e.ps1'"'
[2025-05-23 09:50:45Z INFO ProcessInvokerWrapper]   Working directory: 'D:\Sandra\MERN\2024\backend\actions-runner\_work\backend2024\backend2024'
[2025-05-23 09:50:45Z INFO ProcessInvokerWrapper]   Require exit code zero: 'False'
[2025-05-23 09:50:45Z INFO ProcessInvokerWrapper]   Encoding web name:  ; code page: ''
[2025-05-23 09:50:45Z INFO ProcessInvokerWrapper]   Force kill process on cancellation: 'False'
[2025-05-23 09:50:45Z INFO ProcessInvokerWrapper]   Redirected STDIN: 'False'
[2025-05-23 09:50:45Z INFO ProcessInvokerWrapper]   Persist current code page: 'True'
[2025-05-23 09:50:45Z INFO ProcessInvokerWrapper]   Keep redirected STDIN open: 'False'
[2025-05-23 09:50:45Z INFO ProcessInvokerWrapper]   High priority process: 'False'
[2025-05-23 09:50:45Z INFO ProcessInvokerWrapper] Process started with process id 17308, waiting for process exit.
[2025-05-23 09:50:45Z INFO ResultServer] Successfully started websocket client.
[2025-05-23 09:50:45Z INFO JobServerQueue] Try to append 1 batches web console lines for record '60d974ab-23c4-45e0-b60f-e878ddb9f2d0', success rate: 1/1.
[2025-05-23 09:50:45Z INFO ProcessInvokerWrapper] STDOUT/STDERR stream read finished.
[2025-05-23 09:50:45Z INFO ProcessInvokerWrapper] STDOUT/STDERR stream read finished.
[2025-05-23 09:50:45Z INFO ProcessInvokerWrapper] Finished process 17308 with exit code 1, and elapsed time 00:00:00.5908642.
[2025-05-23 09:50:45Z INFO CreateStepSummaryCommand] Step Summary file (D:\Sandra\MERN\2024\backend\actions-runner\_work\_temp\_runner_file_commands\step_summary_f26cffa3-4e5a-41c1-8dbb-7c356e489317) is empty; skipping attachment upload
[2025-05-23 09:50:45Z INFO StepsRunner] Step result: Failed
[2025-05-23 09:50:45Z INFO ExecutionContext] Publish step telemetry for current step {
  "action": "powershell",
  "type": "run",
  "stage": "Main",
  "stepId": "f1e91e64-bfa8-405c-b964-46f6ee25b9cf",
  "stepContextName": "__run",
  "result": "failed",
  "errorMessages": [
    "Process completed with exit code 1."
  ],
  "executionTimeInSeconds": 1,
  "startTime": "2025-05-23T09:50:44.9567175Z",
  "finishTime": "2025-05-23T09:50:45.7631752Z"
}.
[2025-05-23 09:50:45Z INFO StepsRunner] Update job result with current step result 'Failed'.
[2025-05-23 09:50:45Z INFO StepsRunner] Current state: job state = 'Failed'
[2025-05-23 09:50:45Z INFO JobRunner] Finalize job.
[2025-05-23 09:50:45Z INFO HostContext] Well known directory 'Bin': 'D:\Sandra\MERN\2024\backend\actions-runner\bin'
[2025-05-23 09:50:45Z INFO HostContext] Well known directory 'Root': 'D:\Sandra\MERN\2024\backend\actions-runner'
[2025-05-23 09:50:45Z INFO HostContext] Well known directory 'Diag': 'D:\Sandra\MERN\2024\backend\actions-runner\_diag'
[2025-05-23 09:50:45Z INFO HostContext] Well known directory 'Bin': 'D:\Sandra\MERN\2024\backend\actions-runner\bin'
[2025-05-23 09:50:45Z INFO HostContext] Well known directory 'Root': 'D:\Sandra\MERN\2024\backend\actions-runner'
[2025-05-23 09:50:45Z INFO HostContext] Well known directory 'Diag': 'D:\Sandra\MERN\2024\backend\actions-runner\_diag'
[2025-05-23 09:50:45Z INFO JobExtension] Initialize Env context
[2025-05-23 09:50:45Z INFO JobExtension] Initialize steps context
[2025-05-23 09:50:45Z INFO JobExtension] Total accessible running process: 276.
[2025-05-23 09:50:45Z INFO ExecutionContext] Publish step telemetry for current step {
  "action": "complete_job",
  "type": "runner",
  "stage": "Post",
  "stepId": "800315fa-2989-4cde-9261-8dd92f053ca0",
  "result": "succeeded",
  "errorMessages": [],
  "executionTimeInSeconds": 1,
  "startTime": "2025-05-23T09:50:45.7704319Z",
  "finishTime": "2025-05-23T09:50:45.7830757Z"
}.
[2025-05-23 09:50:45Z INFO JobRunner] Job result after all job steps finish: Failed
[2025-05-23 09:50:45Z INFO JobRunner] Completing the job execution context.
[2025-05-23 09:50:45Z INFO JobRunner] Shutting down the job server queue.
[2025-05-23 09:50:45Z INFO JobServerQueue] Fire signal to shutdown all queues.
[2025-05-23 09:50:46Z INFO JobServerQueue] Job timeline record has been updated for the first time.
[2025-05-23 09:50:46Z INFO JobServerQueue] All queue process task stopped.
[2025-05-23 09:50:46Z INFO JobServerQueue] Try to append 1 batches web console lines for record 'f1e91e64-bfa8-405c-b964-46f6ee25b9cf', success rate: 1/1.
[2025-05-23 09:50:46Z INFO JobServerQueue] Try to append 1 batches web console lines for record '800315fa-2989-4cde-9261-8dd92f053ca0', success rate: 1/1.
[2025-05-23 09:50:46Z INFO JobServerQueue] Web console line queue drained.
[2025-05-23 09:50:46Z INFO JobServerQueue] Uploading 4 files in one shot.
[2025-05-23 09:50:46Z INFO JobServerQueue] Try to upload 4 log files or attachments, success rate: 4/4.
[2025-05-23 09:50:46Z INFO JobServerQueue] File upload queue drained.
[2025-05-23 09:50:46Z INFO JobServerQueue] Starting results-based upload queue...
[2025-05-23 09:50:46Z INFO JobServerQueue] Uploading 4 file(s) in one shot through results service.
[2025-05-23 09:50:46Z INFO JobServerQueue] Got a step log file to send to results service.
[2025-05-23 09:50:46Z INFO JobServerQueue] Starting upload of step log file to results service ResultsLog, D:\Sandra\MERN\2024\backend\actions-runner\_diag\blocks\7c44f55b-aa49-4025-a0ee-697fc9392f7b_60d974ab-23c4-45e0-b60f-e878ddb9f2d0.1
[2025-05-23 09:50:48Z INFO JobServerQueue] Got a step log file to send to results service.
[2025-05-23 09:50:48Z INFO JobServerQueue] Starting upload of step log file to results service ResultsLog, D:\Sandra\MERN\2024\backend\actions-runner\_diag\blocks\7c44f55b-aa49-4025-a0ee-697fc9392f7b_f1e91e64-bfa8-405c-b964-46f6ee25b9cf.1
[2025-05-23 09:50:48Z INFO JobServerQueue] Got a step log file to send to results service.
[2025-05-23 09:50:48Z INFO JobServerQueue] Starting upload of step log file to results service ResultsLog, D:\Sandra\MERN\2024\backend\actions-runner\_diag\blocks\7c44f55b-aa49-4025-a0ee-697fc9392f7b_800315fa-2989-4cde-9261-8dd92f053ca0.1
[2025-05-23 09:50:49Z INFO JobServerQueue] Got a job log file to send to results service.
[2025-05-23 09:50:49Z INFO JobServerQueue] Starting upload of job log file to results service ResultsLog, D:\Sandra\MERN\2024\backend\actions-runner\_diag\blocks\7c44f55b-aa49-4025-a0ee-697fc9392f7b_b26fe6e4-cad3-5b74-8ddc-214e199ec371.1
[2025-05-23 09:50:49Z INFO JobServerQueue] Tried to upload 4 file(s) to results, success rate: 4/4.
[2025-05-23 09:50:49Z INFO JobServerQueue] Results upload queue drained.
[2025-05-23 09:50:50Z INFO JobServerQueue] Timeline update queue drained.
[2025-05-23 09:50:50Z INFO JobServerQueue] Disposing job server ...
[2025-05-23 09:50:50Z INFO JobServerQueue] Disposing results server ...
[2025-05-23 09:50:50Z INFO JobServerQueue] All queue process tasks have been stopped, and all queues are drained.
[2025-05-23 09:50:50Z INFO TempDirectoryManager] Cleaning runner temp folder: D:\Sandra\MERN\2024\backend\actions-runner\_work\_temp
[2025-05-23 09:50:50Z INFO HostContext] Well known directory 'Bin': 'D:\Sandra\MERN\2024\backend\actions-runner\bin'
[2025-05-23 09:50:50Z INFO HostContext] Well known directory 'Root': 'D:\Sandra\MERN\2024\backend\actions-runner'
[2025-05-23 09:50:50Z INFO HostContext] Well known directory 'Diag': 'D:\Sandra\MERN\2024\backend\actions-runner\_diag'
[2025-05-23 09:50:50Z INFO HostContext] Well known config file 'Telemetry': 'D:\Sandra\MERN\2024\backend\actions-runner\_diag\.telemetry'
[2025-05-23 09:50:50Z INFO JobRunner] Raising job completed against run service
[2025-05-23 09:50:51Z INFO Worker] Job completed.
